# qemu-system-riscv64 -M virt -m 256M -nographic -no-reboot -kernel /mnt/2tb/git/linux-rs/linux-riscv/arch/riscv/boot/Image -initrd /mnt/2tb/git/linux-rs/tmp/initramfs/initramfs.cpio.gz -append earlycon=sbi console=ttyS0 panic=-1
00000.047 
00000.047 OpenSBI v1.7
00000.047    ____                    _____ ____ _____
00000.047   / __ \                  / ____|  _ \_   _|
00000.047  | |  | |_ __   ___ _ __ | (___ | |_) || |
00000.047  | |  | | '_ \ / _ \ '_ \ \___ \|  _ < | |
00000.047  | |__| | |_) |  __/ | | |____) | |_) || |_
00000.047   \____/| .__/ \___|_| |_|_____/|____/_____|
00000.047         | |
00000.047         |_|
00000.047 
00000.055 Platform Name               : riscv-virtio,qemu
00000.055 Platform Features           : medeleg
00000.055 Platform HART Count         : 1
00000.055 Platform IPI Device         : aclint-mswi
00000.055 Platform Timer Device       : aclint-mtimer @ 10000000Hz
00000.055 Platform Console Device     : uart8250
00000.055 Platform HSM Device         : ---
00000.055 Platform PMU Device         : ---
00000.055 Platform Reboot Device      : syscon-reboot
00000.055 Platform Shutdown Device    : syscon-poweroff
00000.055 Platform Suspend Device     : ---
00000.055 Platform CPPC Device        : ---
00000.055 Firmware Base               : 0x80000000
00000.055 Firmware Size               : 317 KB
00000.055 Firmware RW Offset          : 0x40000
00000.055 Firmware RW Size            : 61 KB
00000.055 Firmware Heap Offset        : 0x46000
00000.056 Firmware Heap Size          : 37 KB (total), 2 KB (reserved), 11 KB (used), 23 KB (free)
00000.056 Firmware Scratch Size       : 4096 B (total), 1400 B (used), 2696 B (free)
00000.056 Runtime SBI Version         : 3.0
00000.056 Standard SBI Extensions     : time,rfnc,ipi,base,hsm,srst,pmu,dbcn,fwft,legacy,dbtr,sse
00000.056 Experimental SBI Extensions : none
00000.056 
00000.056 Domain0 Name                : root
00000.056 Domain0 Boot HART           : 0
00000.056 Domain0 HARTs               : 0*
00000.056 Domain0 Region00            : 0x0000000000100000-0x0000000000100fff M: (I,R,W) S/U: (R,W)
00000.056 Domain0 Region01            : 0x0000000010000000-0x0000000010000fff M: (I,R,W) S/U: (R,W)
00000.057 Domain0 Region02            : 0x0000000002000000-0x000000000200ffff M: (I,R,W) S/U: ()
00000.057 Domain0 Region03            : 0x0000000080040000-0x000000008004ffff M: (R,W) S/U: ()
00000.057 Domain0 Region04            : 0x0000000080000000-0x000000008003ffff M: (R,X) S/U: ()
00000.057 Domain0 Region05            : 0x000000000c400000-0x000000000c5fffff M: (I,R,W) S/U: (R,W)
00000.057 Domain0 Region06            : 0x000000000c000000-0x000000000c3fffff M: (I,R,W) S/U: (R,W)
00000.057 Domain0 Region07            : 0x0000000000000000-0xffffffffffffffff M: () S/U: (R,W,X)
00000.057 Domain0 Next Address        : 0x0000000080200000
00000.057 Domain0 Next Arg1           : 0x000000008fe00000
00000.057 Domain0 Next Mode           : S-mode
00000.057 Domain0 SysReset            : yes
00000.057 Domain0 SysSuspend          : yes
00000.057 
00000.057 Boot HART ID                : 0
00000.057 Boot HART Domain            : root
00000.057 Boot HART Priv Version      : v1.12
00000.058 Boot HART Base ISA          : rv64imafdch
00000.058 Boot HART ISA Extensions    : sstc,zicntr,zihpm,zicboz,zicbom,sdtrig,svadu
00000.058 Boot HART PMP Count         : 16
00000.058 Boot HART PMP Granularity   : 2 bits
00000.058 Boot HART PMP Address Bits  : 54
00000.058 Boot HART MHPM Info         : 16 (0x0007fff8)
00000.058 Boot HART Debug Triggers    : 2 triggers
00000.058 Boot HART MIDELEG           : 0x0000000000001666
00000.058 Boot HART MEDELEG           : 0x0000000000f4b509
00000.196 Linux version 7.2.0-rc3+ (dan@selwyn) (clang version 22.1.8 (Fedora 22.1.8-1.fc44), LLD 22.1.8) #61 PREEMPT Mon Jul 20 13:55:13 AEST 2026
00000.196 random: crng init done
00000.196 Machine model: riscv-virtio,qemu
00000.196 SBI specification v3.0 detected
00000.196 SBI implementation ID=0x1 Version=0x10007
00000.196 SBI TIME extension detected
00000.196 SBI IPI extension detected
00000.196 SBI RFENCE extension detected
00000.196 SBI SRST extension detected
00000.197 SBI DBCN extension detected
00000.197 SBI FWFT extension detected
00000.197 efi: UEFI not found.
00000.197 OF: reserved mem: 0x0000000080000000..0x000000008003ffff (256 KiB) nomap non-reusable mmode_resv1@80000000
00000.197 OF: reserved mem: 0x0000000080040000..0x000000008004ffff (64 KiB) nomap non-reusable mmode_resv0@80040000
00000.197 riscv: base ISA extensions acdfhim
00000.197 riscv: ELF capabilities acdfim
00000.197 Ticket spinlock: enabled
00000.197 Zone ranges:
00000.197   DMA32    [mem 0x0000000080000000-0x000000008fffffff]
00000.197   Normal   empty
00000.197 Movable zone start for each node
00000.197 Early memory node ranges
00000.197   node   0: [mem 0x0000000080000000-0x000000008004ffff]
00000.197   node   0: [mem 0x0000000080050000-0x000000008fffffff]
00000.197 Initmem setup node 0 [mem 0x0000000080000000-0x000000008fffffff]
00000.197 Kernel command line: earlycon=sbi console=ttyS0 panic=-1
00000.197 printk: log buffer data + meta data: 131072 + 458752 = 589824 bytes
00000.197 Dentry cache hash table entries: 32768 (order: 6, 262144 bytes, linear)
00000.198 Inode-cache hash table entries: 16384 (order: 5, 131072 bytes, linear)
00000.198 software IO TLB: SWIOTLB bounce buffer size adjusted to 0MB
00000.198 software IO TLB: area num 1.
00000.198 software IO TLB: mapped [mem 0x000000008ff49000-0x000000008ff89000] (0MB)
00000.198 Built 1 zonelists, mobility grouping on.  Total pages: 65536
00000.198 mem auto-init: stack:all(zero), heap alloc:off, heap free:off
00000.198 SLUB: HWalign=64, Order=0-1, MinObjects=0, CPUs=1, Nodes=1
00000.198 NR_IRQS: 64, nr_irqs: 64, preallocated irqs: 0
00000.198 riscv-intc: 64 local interrupts mapped
00000.198 clocksource: jiffies: mask: 0xffffffff max_cycles: 0xffffffff, max_idle_ns: 7645041785100000 ns
00000.198 clocksource: riscv_clocksource: mask: 0xffffffffffffffff max_cycles: 0x24e6a1710, max_idle_ns: 440795202120 ns
00000.198 sched_clock: 64 bits at 10MHz, resolution 100ns, wraps every 4398046511100ns
00000.198 riscv-timer: Timer interrupt in S-mode is available via sstc extension
00000.198 Calibrating delay loop (skipped), value calculated using timer frequency.. 20.00 BogoMIPS (lpj=40000)
00000.199 pid_max: default: 32768 minimum: 301
00000.199 Mount-cache hash table entries: 512 (order: 0, 4096 bytes, linear)
00000.199 Mountpoint-cache hash table entries: 512 (order: 0, 4096 bytes, linear)
00000.199 VFS: Finished mounting rootfs on nullfs
00000.199 riscv: ELF compat mode supported
00000.199 ASID allocator using 16 bits (65536 entries)
00000.199 EFI services will not be available.
00000.199 Memory: 245984K/262144K available (1983K kernel code, 2535K rwdata, 2048K rodata, 2156K init, 220K bss, 15508K reserved, 0K cma-reserved)
00000.199 devtmpfs: initialized
00000.199 DMA: preallocated 128 KiB GFP_KERNEL|GFP_DMA32 pool for atomic allocations
00000.199 clocksource: Switched to clocksource riscv_clocksource
00000.199 Unpacking initramfs...
00000.199 workingset: timestamp_bits=62 (anon: 57) max_order=16 bucket_order=0 (anon: 0)
00000.199 io scheduler mq-deadline registered
00000.199 io scheduler kyber registered
00000.199 riscv-plic: plic@c000000: mapped 96 interrupts with 1 handlers for 2 contexts.
00000.199 Serial: 8250/16550 driver, 4 ports, IRQ sharing disabled
00000.200 printk: legacy console [ttyS0] disabled
00000.200 Freeing initrd memory: 108K
00000.200 10000000.serial: ttyS0 at MMIO 0x10000000 (irq = 1, base_baud = 230400) is a 16550A
00000.200 printk: legacy console [ttyS0] enabled
00000.201 riscv-pmu-sbi: SBI PMU extension is available
00000.202 riscv-pmu-sbi: 16 firmware and 18 hardware counters
00000.202 riscv-pmu-sbi: Perf sampling/filtering is not supported as sscof extension is not available
00000.219 cpu0: scalar unaligned word access speed is 8.00x byte access speed (fast)
00000.221 clk: Disabling unused clocks
00000.222 KTAP version 1
00000.222 1..17
00000.222     KTAP version 1
00000.222     # Subtest: rust_kernel_str
00000.222     # speed: normal
00000.222     1..7
00000.225     # test_cstr_to_str.speed: normal
00000.225     ok 1 test_cstr_to_str
00000.225     # test_cstr_to_str_invalid_utf8.speed: normal
00000.226     ok 2 test_cstr_to_str_invalid_utf8
00000.226     # test_cstr_display.speed: normal
00000.227     ok 3 test_cstr_display
00000.227     # test_cstr_display_all_bytes.speed: normal
00000.228     ok 4 test_cstr_display_all_bytes
00000.228     # test_cstr_debug.speed: normal
00000.228     ok 5 test_cstr_debug
00000.228     # test_bstr_display.speed: normal
00000.229     ok 6 test_bstr_display
00000.229     # test_bstr_debug.speed: normal
00000.229     ok 7 test_bstr_debug
00000.229 # rust_kernel_str: pass:7 fail:0 skip:0 total:7
00000.229 # Totals: pass:7 fail:0 skip:0 total:7
00000.229 ok 1 rust_kernel_str
00000.229     KTAP version 1
00000.229     # Subtest: rust_kernel_kunit
00000.229     # speed: normal
00000.229     1..3
00000.229     # rust_test_kunit_example_test.speed: normal
00000.230     ok 1 rust_test_kunit_example_test
00000.230     # rust_test_kunit_in_kunit_test.speed: normal
00000.230     ok 2 rust_test_kunit_in_kunit_test
00000.230     # rust_test_kunit_always_disabled_test.speed: normal
00000.230     ok 3 rust_test_kunit_always_disabled_test # SKIP 
00000.230 # rust_kernel_kunit: pass:2 fail:0 skip:1 total:3
00000.230 # Totals: pass:2 fail:0 skip:1 total:3
00000.230 ok 2 rust_kernel_kunit
00000.230     KTAP version 1
00000.230     # Subtest: rust_kernel_bitmap
00000.230     # speed: normal
00000.230     1..6
00000.231     # bitmap_borrow.speed: normal
00000.231     ok 1 bitmap_borrow
00000.231     # bitmap_copy.speed: normal
00000.231     ok 2 bitmap_copy
00000.231     # bitmap_vec_new.speed: normal
00000.231     ok 3 bitmap_vec_new
00000.232     # bitmap_set_clear_find.speed: normal
00000.232     ok 4 bitmap_set_clear_find
00000.232 rust_kernel: Bit `index` must be < 128, was 2048
00000.232 rust_kernel: Bit `index` must be < 128, was 2048
00000.232 rust_kernel: Bit `index` must be < 128, was 2048
00000.232 rust_kernel: Bit `index` must be < 128, was 2048
00000.232     # owned_bitmap_out_of_bounds.speed: normal
00000.233     ok 5 owned_bitmap_out_of_bounds
00000.233     # bitmap_copy_and_extend.speed: normal
00000.233     ok 6 bitmap_copy_and_extend
00000.233 # rust_kernel_bitmap: pass:6 fail:0 skip:0 total:6
00000.233 # Totals: pass:6 fail:0 skip:0 total:6
00000.233 ok 3 rust_kernel_bitmap
00000.233     KTAP version 1
00000.233     # Subtest: rust_kernel_bitfield
00000.233     # speed: normal
00000.233     1..7
00000.233     # test_basic_access.speed: normal
00000.233     ok 1 test_basic_access
00000.233     # test_infallible_conversion.speed: normal
00000.234     ok 2 test_infallible_conversion
00000.234     # test_fallible_conversion.speed: normal
00000.234     ok 3 test_fallible_conversion
00000.234     # test_overlapping_fields.speed: normal
00000.234     ok 4 test_overlapping_fields
00000.234     # test_unallocated_bits.speed: normal
00000.234     ok 5 test_unallocated_bits
00000.234     # test_try_with.speed: normal
00000.234     ok 6 test_try_with
00000.234     # test_raw.speed: normal
00000.234     ok 7 test_raw
00000.235 # rust_kernel_bitfield: pass:7 fail:0 skip:0 total:7
00000.235 # Totals: pass:7 fail:0 skip:0 total:7
00000.235 ok 4 rust_kernel_bitfield
00000.235     KTAP version 1
00000.235     # Subtest: rust_kvec
00000.235     # speed: normal
00000.235     1..5
00000.237     # test_kvec_retain.speed: normal
00000.238     ok 1 test_kvec_retain
00000.238     # test_kvvec_shrink_to.speed: normal
00000.238     ok 2 test_kvvec_shrink_to
00000.238     # test_kvvec_shrink_to_empty.speed: normal
00000.238     ok 3 test_kvvec_shrink_to_empty
00000.238     # test_kvvec_shrink_to_no_op.speed: normal
00000.239     ok 4 test_kvvec_shrink_to_no_op
00000.239     # test_kvvec_shrink_to_respects_min_capacity.speed: normal
00000.239     ok 5 test_kvvec_shrink_to_respects_min_capacity
00000.239 # rust_kvec: pass:5 fail:0 skip:0 total:5
00000.239 # Totals: pass:5 fail:0 skip:0 total:5
00000.239 ok 5 rust_kvec
00000.239     KTAP version 1
00000.239     # Subtest: rust_allocator
00000.239     # speed: normal
00000.239     1..1
00000.240     # test_alignment.speed: normal
00000.240     ok 1 test_alignment
00000.240 ok 6 rust_allocator
00000.240     KTAP version 1
00000.240     # Subtest: rust_atomics
00000.240     # speed: normal
00000.240     1..8
00000.240     # atomic_basic_tests.speed: normal
00000.241     ok 1 atomic_basic_tests
00000.241     # atomic_acquire_release_tests.speed: normal
00000.241     ok 2 atomic_acquire_release_tests
00000.241     # atomic_xchg_tests.speed: normal
00000.242     ok 3 atomic_xchg_tests
00000.242     # atomic_cmpxchg_tests.speed: normal
00000.242     ok 4 atomic_cmpxchg_tests
00000.242     # atomic_arithmetic_tests.speed: normal
00000.243     ok 5 atomic_arithmetic_tests
00000.243     # atomic_bool_tests.speed: normal
00000.243     ok 6 atomic_bool_tests
00000.243     # atomic_ptr_tests.speed: normal
00000.243     ok 7 atomic_ptr_tests
00000.243     # atomic_flag_tests.speed: normal
00000.243     ok 8 atomic_flag_tests
00000.243 # rust_atomics: pass:8 fail:0 skip:0 total:8
00000.244 # Totals: pass:8 fail:0 skip:0 total:8
00000.244 ok 7 rust_atomics
00000.244     KTAP version 1
00000.244     # Subtest: math-gcd
00000.244     # module: gcd_kunit
00000.244     1..1
00000.244         KTAP version 1
00000.244         # Subtest: gcd_test
00000.244         ok 1 GCD of 48 and 18
00000.245         ok 2 GCD of 18 and 48
00000.245         ok 3 GCD of 56 and 98
00000.245         ok 4 Coprime numbers
00000.245         ok 5 Coprime numbers
00000.245         ok 6 GCD of 270 and 192
00000.245         ok 7 GCD with zero
00000.246         ok 8 GCD with zero reversed
00000.246         ok 9 GCD of identical numbers
00000.246         ok 10 GCD of max ulong and 1
00000.246         ok 11 GCD of max ulong values
00000.246     # gcd_test: pass:11 fail:0 skip:0 total:11
00000.246     ok 1 gcd_test
00000.246 # Totals: pass:11 fail:0 skip:0 total:11
00000.246 ok 8 math-gcd
00000.246     KTAP version 1
00000.246     # Subtest: math-int_log
00000.246     # module: int_log_kunit
00000.246     1..2
00000.246         KTAP version 1
00000.247         # Subtest: intlog2_test
00000.247         ok 1 Log base 2 of 0
00000.247         ok 2 Log base 2 of 1
00000.247         ok 3 Log base 2 of 2
00000.247         ok 4 Log base 2 of 3
00000.248         ok 5 Log base 2 of 4
00000.248         ok 6 Log base 2 of 8
00000.248         ok 7 Log base 2 of 16
00000.248         ok 8 Log base 2 of 32
00000.248         ok 9 Log base 2 of MAX
00000.248     # intlog2_test: pass:9 fail:0 skip:0 total:9
00000.248     ok 1 intlog2_test
00000.248         KTAP version 1
00000.249         # Subtest: intlog10_test
00000.249         ok 1 Log base 10 of 0
00000.249         ok 2 Log base 10 of 1
00000.249         ok 3 Log base 10 of 6
00000.249         ok 4 Log base 10 of 10
00000.250         ok 5 Log base 10 of 100
00000.250         ok 6 Log base 10 of 1000
00000.250         ok 7 Log base 10 of 10000
00000.250         ok 8 Log base 10 of MAX
00000.250     # intlog10_test: pass:8 fail:0 skip:0 total:8
00000.250     ok 2 intlog10_test
00000.250 # math-int_log: pass:2 fail:0 skip:0 total:2
00000.250 # Totals: pass:17 fail:0 skip:0 total:17
00000.250 ok 9 math-int_log
00000.250     KTAP version 1
00000.250     # Subtest: math-int_pow
00000.250     # module: int_pow_kunit
00000.250     1..1
00000.250         KTAP version 1
00000.251         # Subtest: int_pow_test
00000.251         ok 1 Power of zero
00000.251         ok 2 Power of one
00000.251         ok 3 Base zero
00000.251         ok 4 Base one
00000.252         ok 5 Two squared
00000.252         ok 6 Two cubed
00000.252         ok 7 Five raised to the fifth power
00000.252         ok 8 Max base
00000.252         ok 9 Large result
00000.252     # int_pow_test: pass:9 fail:0 skip:0 total:9
00000.252     ok 1 int_pow_test
00000.252 # Totals: pass:9 fail:0 skip:0 total:9
00000.252 ok 10 math-int_pow
00000.252     KTAP version 1
00000.252     # Subtest: math-int_sqrt
00000.253     # module: int_sqrt_kunit
00000.253     1..1
00000.253         KTAP version 1
00000.253         # Subtest: int_sqrt_test
00000.253         ok 1 edge case: square root of 0
00000.253         ok 2 perfect square: square root of 1
00000.253         ok 3 non-perfect square: square root of 2
00000.254         ok 4 non-perfect square: square root of 3
00000.254         ok 5 perfect square: square root of 4
00000.254         ok 6 non-perfect square: square root of 5
00000.254         ok 7 non-perfect square: square root of 6
00000.254         ok 8 non-perfect square: square root of 7
00000.255         ok 9 non-perfect square: square root of 8
00000.255         ok 10 perfect square: square root of 9
00000.255         ok 11 non-perfect square: square root of 15 (N-1 from 16)
00000.255         ok 12 perfect square: square root of 16
00000.255         ok 13 non-perfect square: square root of 17 (N+1 from 16)
00000.256         ok 14 non-perfect square: square root of 80 (N-1 from 81)
00000.256         ok 15 perfect square: square root of 81
00000.256         ok 16 non-perfect square: square root of 82 (N+1 from 81)
00000.256         ok 17 non-perfect square: square root of 255 (N-1 from 256)
00000.257         ok 18 perfect square: square root of 256
00000.257         ok 19 non-perfect square: square root of 257 (N+1 from 256)
00000.257         ok 20 large input: square root of 2147483648
00000.257         ok 21 edge case: ULONG_MAX for 32-bit
00000.257     # int_sqrt_test: pass:21 fail:0 skip:0 total:21
00000.257     ok 1 int_sqrt_test
00000.257 # Totals: pass:21 fail:0 skip:0 total:21
00000.257 ok 11 math-int_sqrt
00000.257     KTAP version 1
00000.257     # Subtest: rational
00000.257     # module: rational_kunit
00000.257     1..1
00000.257         KTAP version 1
00000.258         # Subtest: rational_test
00000.258         ok 1 Exceeds bounds, semi-convergent term > 1/2 last term
00000.258         ok 2 Exceeds bounds, semi-convergent term < 1/2 last term
00000.258         ok 3 Closest to zero
00000.259         ok 4 Closest to smallest non-zero
00000.259         ok 5 Use convergent
00000.259         ok 6 Exact answer
00000.259         ok 7 Semiconvergent, numerator limit
00000.259         ok 8 Semiconvergent, denominator limit
00000.259     # rational_test: pass:8 fail:0 skip:0 total:8
00000.259     ok 1 rational_test
00000.259 # Totals: pass:8 fail:0 skip:0 total:8
00000.259 ok 12 rational
00000.259     KTAP version 1
00000.259     # Subtest: bitops
00000.259     # module: bitops_kunit
00000.259     1..6
00000.260         KTAP version 1
00000.260         # Subtest: test_set_bit_clear_bit
00000.260         ok 1 BITOPS_4
00000.260         ok 2 BITOPS_7
00000.260         ok 3 BITOPS_11
00000.261         ok 4 BITOPS_31
00000.261         ok 5 BITOPS_88
00000.261     # test_set_bit_clear_bit: pass:5 fail:0 skip:0 total:5
00000.261     ok 1 test_set_bit_clear_bit
00000.261         KTAP version 1
00000.269         # Subtest: test_change_bit
00000.269         ok 1 BITOPS_4
00000.269         ok 2 BITOPS_7
00000.269         ok 3 BITOPS_11
00000.269         ok 4 BITOPS_31
00000.269         ok 5 BITOPS_88
00000.269     # test_change_bit: pass:5 fail:0 skip:0 total:5
00000.269     ok 2 test_change_bit
00000.269         KTAP version 1
00000.270         # Subtest: test_test_and_set_bit_test_and_clear_bit
00000.270         ok 1 BITOPS_4
00000.270         ok 2 BITOPS_7
00000.270         ok 3 BITOPS_11
00000.270         ok 4 BITOPS_31
00000.271         ok 5 BITOPS_88
00000.271     # test_test_and_set_bit_test_and_clear_bit: pass:5 fail:0 skip:0 total:5
00000.271     ok 3 test_test_and_set_bit_test_and_clear_bit
00000.271         KTAP version 1
00000.271         # Subtest: test_test_and_change_bit
00000.271         ok 1 BITOPS_4
00000.271         ok 2 BITOPS_7
00000.271         ok 3 BITOPS_11
00000.272         ok 4 BITOPS_31
00000.272         ok 5 BITOPS_88
00000.272     # test_test_and_change_bit: pass:5 fail:0 skip:0 total:5
00000.272     ok 4 test_test_and_change_bit
00000.272         KTAP version 1
00000.272         # Subtest: test_get_count_order
00000.272         ok 1 0x00000003
00000.272         ok 2 0x00000004
00000.273         ok 3 0x00001fff
00000.273         ok 4 0x00002000
00000.273         ok 5 0x50000000
00000.273         ok 6 0x80000000
00000.273         ok 7 0x80003000
00000.273     # test_get_count_order: pass:7 fail:0 skip:0 total:7
00000.273     ok 5 test_get_count_order
00000.273         KTAP version 1
00000.274         # Subtest: test_get_count_order_long
00000.274         ok 1 0x0000000300000000
00000.274         ok 2 0x0000000400000000
00000.274         ok 3 0x00001fff00000000
00000.274         ok 4 0x0000200000000000
00000.275         ok 5 0x5000000000000000
00000.275         ok 6 0x8000000000000000
00000.275         ok 7 0x8000300000000000
00000.275     # test_get_count_order_long: pass:7 fail:0 skip:0 total:7
00000.275     ok 6 test_get_count_order_long
00000.275 # bitops: pass:6 fail:0 skip:0 total:6
00000.275 # Totals: pass:34 fail:0 skip:0 total:34
00000.275 ok 13 bitops
00000.275     KTAP version 1
00000.275     # Subtest: cmdline
00000.275     # module: cmdline_kunit
00000.275     1..8
00000.276     ok 1 cmdline_test_noint
00000.276     ok 2 cmdline_test_lead_int
00000.277     ok 3 cmdline_test_tail_int
00000.277     ok 4 cmdline_test_range
00000.277     ok 5 cmdline_test_next_arg_quoted_value
00000.278     ok 6 cmdline_test_next_arg_bare_quote_regression
00000.278     ok 7 cmdline_test_next_arg_mixed_tokens
00000.278     ok 8 cmdline_test_memparse
00000.279 # cmdline: pass:8 fail:0 skip:0 total:8
00000.279 # Totals: pass:8 fail:0 skip:0 total:8
00000.279 ok 14 cmdline
00000.279     KTAP version 1
00000.279     # Subtest: list_sort
00000.279     # module: test_list_sort
00000.279     1..1
00000.281     ok 1 list_sort_test
00000.281 ok 15 list_sort
00000.281     KTAP version 1
00000.281     # Subtest: lib_sort
00000.281     # module: test_sort
00000.281     1..1
00000.283     ok 1 test_sort
00000.283 ok 16 lib_sort
00000.283     KTAP version 1
00000.283     # Subtest: rust_8250_mem_serial_io
00000.283     # speed: normal
00000.283     1..4
00000.283     # round_trip_no_shift.speed: normal
00000.284     ok 1 round_trip_no_shift
00000.284     # regshift_scales_offset.speed: normal
00000.284     ok 2 regshift_scales_offset
00000.284     # value_truncated_to_byte.speed: normal
00000.284     ok 3 value_truncated_to_byte
00000.284     # independent_registers_no_crosstalk.speed: normal
00000.285     ok 4 independent_registers_no_crosstalk
00000.285 # rust_8250_mem_serial_io: pass:4 fail:0 skip:0 total:4
00000.285 # Totals: pass:4 fail:0 skip:0 total:4
00000.285 ok 17 rust_8250_mem_serial_io
00000.301 Freeing unused kernel image (initmem) memory: 2156K
00000.301 Run /init as init process
00000.339 linux-rs: initramfs init reached, PID 1 alive
00000.341 linux-rs: dropping to shell (/ #), 15s idle timeout then poweroff
00015.347 / # 
00015.349 linux-rs: no console input within 15s, powering off
00015.351 reboot: Power down
