# qemu-system-riscv64 -M virt -m 256M -nographic -no-reboot -kernel /mnt/2tb/git/linux-rs/linux-riscv/arch/riscv/boot/Image -initrd /mnt/2tb/git/linux-rs/tmp/initramfs/initramfs.cpio.gz -append earlycon=sbi console=ttyS0 panic=-1
00000.131 
00000.131 OpenSBI v1.7
00000.132    ____                    _____ ____ _____
00000.132   / __ \                  / ____|  _ \_   _|
00000.132  | |  | |_ __   ___ _ __ | (___ | |_) || |
00000.132  | |  | | '_ \ / _ \ '_ \ \___ \|  _ < | |
00000.132  | |__| | |_) |  __/ | | |____) | |_) || |_
00000.132   \____/| .__/ \___|_| |_|_____/|____/_____|
00000.132         | |
00000.132         |_|
00000.132 
00000.150 Platform Name               : riscv-virtio,qemu
00000.150 Platform Features           : medeleg
00000.150 Platform HART Count         : 1
00000.151 Platform IPI Device         : aclint-mswi
00000.151 Platform Timer Device       : aclint-mtimer @ 10000000Hz
00000.151 Platform Console Device     : uart8250
00000.152 Platform HSM Device         : ---
00000.152 Platform PMU Device         : ---
00000.152 Platform Reboot Device      : syscon-reboot
00000.153 Platform Shutdown Device    : syscon-poweroff
00000.153 Platform Suspend Device     : ---
00000.153 Platform CPPC Device        : ---
00000.155 Firmware Base               : 0x80000000
00000.155 Firmware Size               : 317 KB
00000.155 Firmware RW Offset          : 0x40000
00000.155 Firmware RW Size            : 61 KB
00000.155 Firmware Heap Offset        : 0x46000
00000.155 Firmware Heap Size          : 37 KB (total), 2 KB (reserved), 11 KB (used), 23 KB (free)
00000.155 Firmware Scratch Size       : 4096 B (total), 1400 B (used), 2696 B (free)
00000.155 Runtime SBI Version         : 3.0
00000.155 Standard SBI Extensions     : time,rfnc,ipi,base,hsm,srst,pmu,dbcn,fwft,legacy,dbtr,sse
00000.155 Experimental SBI Extensions : none
00000.155 
00000.155 Domain0 Name                : root
00000.155 Domain0 Boot HART           : 0
00000.155 Domain0 HARTs               : 0*
00000.155 Domain0 Region00            : 0x0000000000100000-0x0000000000100fff M: (I,R,W) S/U: (R,W)
00000.160 Domain0 Region01            : 0x0000000010000000-0x0000000010000fff M: (I,R,W) S/U: (R,W)
00000.160 Domain0 Region02            : 0x0000000002000000-0x000000000200ffff M: (I,R,W) S/U: ()
00000.160 Domain0 Region03            : 0x0000000080040000-0x000000008004ffff M: (R,W) S/U: ()
00000.160 Domain0 Region04            : 0x0000000080000000-0x000000008003ffff M: (R,X) S/U: ()
00000.160 Domain0 Region05            : 0x000000000c400000-0x000000000c5fffff M: (I,R,W) S/U: (R,W)
00000.160 Domain0 Region06            : 0x000000000c000000-0x000000000c3fffff M: (I,R,W) S/U: (R,W)
00000.160 Domain0 Region07            : 0x0000000000000000-0xffffffffffffffff M: () S/U: (R,W,X)
00000.160 Domain0 Next Address        : 0x0000000080200000
00000.160 Domain0 Next Arg1           : 0x000000008fe00000
00000.160 Domain0 Next Mode           : S-mode
00000.160 Domain0 SysReset            : yes
00000.160 Domain0 SysSuspend          : yes
00000.160 
00000.160 Boot HART ID                : 0
00000.160 Boot HART Domain            : root
00000.160 Boot HART Priv Version      : v1.12
00000.160 Boot HART Base ISA          : rv64imafdch
00000.160 Boot HART ISA Extensions    : sstc,zicntr,zihpm,zicboz,zicbom,sdtrig,svadu
00000.161 Boot HART PMP Count         : 16
00000.161 Boot HART PMP Granularity   : 2 bits
00000.161 Boot HART PMP Address Bits  : 54
00000.162 Boot HART MHPM Info         : 16 (0x0007fff8)
00000.162 Boot HART Debug Triggers    : 2 triggers
00000.162 Boot HART MIDELEG           : 0x0000000000001666
00000.162 Boot HART MEDELEG           : 0x0000000000f4b509
00000.617 Linux version 7.2.0-rc3+ (dan@selwyn) (clang version 22.1.8 (Fedora 22.1.8-1.fc44), LLD 22.1.8) #53 PREEMPT Sat Jul 18 13:50:12 AEST 2026
00000.617 random: crng init done
00000.617 Machine model: riscv-virtio,qemu
00000.618 SBI specification v3.0 detected
00000.620 SBI implementation ID=0x1 Version=0x10007
00000.620 SBI TIME extension detected
00000.624 SBI IPI extension detected
00000.624 SBI RFENCE extension detected
00000.624 SBI SRST extension detected
00000.624 SBI DBCN extension detected
00000.624 SBI FWFT extension detected
00000.624 efi: UEFI not found.
00000.624 OF: reserved mem: 0x0000000080000000..0x000000008003ffff (256 KiB) nomap non-reusable mmode_resv1@80000000
00000.626 OF: reserved mem: 0x0000000080040000..0x000000008004ffff (64 KiB) nomap non-reusable mmode_resv0@80040000
00000.627 riscv: base ISA extensions acdfhim
00000.632 riscv: ELF capabilities acdfim
00000.632 Ticket spinlock: enabled
00000.632 Zone ranges:
00000.632   DMA32    [mem 0x0000000080000000-0x000000008fffffff]
00000.632   Normal   empty
00000.632 Movable zone start for each node
00000.632 Early memory node ranges
00000.632   node   0: [mem 0x0000000080000000-0x000000008004ffff]
00000.632   node   0: [mem 0x0000000080050000-0x000000008fffffff]
00000.632 Initmem setup node 0 [mem 0x0000000080000000-0x000000008fffffff]
00000.632 Kernel command line: earlycon=sbi console=ttyS0 panic=-1
00000.632 printk: log buffer data + meta data: 131072 + 458752 = 589824 bytes
00000.635 Dentry cache hash table entries: 32768 (order: 6, 262144 bytes, linear)
00000.638 Inode-cache hash table entries: 16384 (order: 5, 131072 bytes, linear)
00000.639 software IO TLB: SWIOTLB bounce buffer size adjusted to 0MB
00000.640 software IO TLB: area num 1.
00000.640 software IO TLB: mapped [mem 0x000000008ff49000-0x000000008ff89000] (0MB)
00000.640 Built 1 zonelists, mobility grouping on.  Total pages: 65536
00000.640 mem auto-init: stack:all(zero), heap alloc:off, heap free:off
00000.640 SLUB: HWalign=64, Order=0-1, MinObjects=0, CPUs=1, Nodes=1
00000.640 NR_IRQS: 64, nr_irqs: 64, preallocated irqs: 0
00000.640 riscv-intc: 64 local interrupts mapped
00000.640 clocksource: jiffies: mask: 0xffffffff max_cycles: 0xffffffff, max_idle_ns: 7645041785100000 ns
00000.640 clocksource: riscv_clocksource: mask: 0xffffffffffffffff max_cycles: 0x24e6a1710, max_idle_ns: 440795202120 ns
00000.640 sched_clock: 64 bits at 10MHz, resolution 100ns, wraps every 4398046511100ns
00000.642 riscv-timer: Timer interrupt in S-mode is available via sstc extension
00000.647 Calibrating delay loop (skipped), value calculated using timer frequency.. 20.00 BogoMIPS (lpj=40000)
00000.647 pid_max: default: 32768 minimum: 301
00000.647 Mount-cache hash table entries: 512 (order: 0, 4096 bytes, linear)
00000.647 Mountpoint-cache hash table entries: 512 (order: 0, 4096 bytes, linear)
00000.647 VFS: Finished mounting rootfs on nullfs
00000.647 riscv: ELF compat mode supported
00000.647 ASID allocator using 16 bits (65536 entries)
00000.647 EFI services will not be available.
00000.647 Memory: 245992K/262144K available (1771K kernel code, 2532K rwdata, 2048K rodata, 2155K init, 217K bss, 15508K reserved, 0K cma-reserved)
00000.647 devtmpfs: initialized
00000.647 DMA: preallocated 128 KiB GFP_KERNEL|GFP_DMA32 pool for atomic allocations
00000.647 clocksource: Switched to clocksource riscv_clocksource
00000.647 workingset: timestamp_bits=62 (anon: 57) max_order=16 bucket_order=0 (anon: 0)
00000.647 riscv-plic: plic@c000000: mapped 96 interrupts with 1 handlers for 2 contexts.
00000.648 Unpacking initramfs...
00000.648 Serial: 8250/16550 driver, 4 ports, IRQ sharing disabled
00000.650 Freeing initrd memory: 108K
00000.650 printk: legacy console [ttyS0] disabled
00000.651 10000000.serial: ttyS0 at MMIO 0x10000000 (irq = 1, base_baud = 230400) is a 16550A
00000.651 printk: legacy console [ttyS0] enabled
00000.669 riscv-pmu-sbi: SBI PMU extension is available
00000.669 riscv-pmu-sbi: 16 firmware and 18 hardware counters
00000.670 riscv-pmu-sbi: Perf sampling/filtering is not supported as sscof extension is not available
00000.696 cpu0: scalar unaligned word access speed is 9.07x byte access speed (fast)
00000.719 clk: Disabling unused clocks
00000.720 KTAP version 1
00000.723 1..17
00000.723     KTAP version 1
00000.723     # Subtest: rust_kernel_str
00000.723     # speed: normal
00000.724     1..7
00000.750     # test_cstr_to_str.speed: normal
00000.755     ok 1 test_cstr_to_str
00000.756     # test_cstr_to_str_invalid_utf8.speed: normal
00000.759     ok 2 test_cstr_to_str_invalid_utf8
00000.760     # test_cstr_display.speed: normal
00000.762     ok 3 test_cstr_display
00000.763     # test_cstr_display_all_bytes.speed: normal
00000.769     ok 4 test_cstr_display_all_bytes
00000.769     # test_cstr_debug.speed: normal
00000.774     ok 5 test_cstr_debug
00000.775     # test_bstr_display.speed: normal
00000.782     ok 6 test_bstr_display
00000.782     # test_bstr_debug.speed: normal
00000.782     ok 7 test_bstr_debug
00000.782 # rust_kernel_str: pass:7 fail:0 skip:0 total:7
00000.782 # Totals: pass:7 fail:0 skip:0 total:7
00000.782 ok 1 rust_kernel_str
00000.782     KTAP version 1
00000.782     # Subtest: rust_kernel_kunit
00000.782     # speed: normal
00000.782     1..3
00000.786     # rust_test_kunit_example_test.speed: normal
00000.787     ok 1 rust_test_kunit_example_test
00000.788     # rust_test_kunit_in_kunit_test.speed: normal
00000.790     ok 2 rust_test_kunit_in_kunit_test
00000.791     # rust_test_kunit_always_disabled_test.speed: normal
00000.791     ok 3 rust_test_kunit_always_disabled_test # SKIP 
00000.794 # rust_kernel_kunit: pass:2 fail:0 skip:1 total:3
00000.794 # Totals: pass:2 fail:0 skip:1 total:3
00000.794 ok 2 rust_kernel_kunit
00000.794     KTAP version 1
00000.794     # Subtest: rust_kernel_bitmap
00000.794     # speed: normal
00000.794     1..6
00000.796     # bitmap_borrow.speed: normal
00000.798     ok 1 bitmap_borrow
00000.800     # bitmap_copy.speed: normal
00000.802     ok 2 bitmap_copy
00000.806     # bitmap_vec_new.speed: normal
00000.811     ok 3 bitmap_vec_new
00000.814     # bitmap_set_clear_find.speed: normal
00000.816     ok 4 bitmap_set_clear_find
00000.817 rust_kernel: Bit `index` must be < 128, was 2048
00000.817 rust_kernel: Bit `index` must be < 128, was 2048
00000.818 rust_kernel: Bit `index` must be < 128, was 2048
00000.821 rust_kernel: Bit `index` must be < 128, was 2048
00000.822     # owned_bitmap_out_of_bounds.speed: normal
00000.833     ok 5 owned_bitmap_out_of_bounds
00000.833     # bitmap_copy_and_extend.speed: normal
00000.833     ok 6 bitmap_copy_and_extend
00000.833 # rust_kernel_bitmap: pass:6 fail:0 skip:0 total:6
00000.833 # Totals: pass:6 fail:0 skip:0 total:6
00000.833 ok 3 rust_kernel_bitmap
00000.833     KTAP version 1
00000.833     # Subtest: rust_kernel_bitfield
00000.833     # speed: normal
00000.833     1..7
00000.833     # test_basic_access.speed: normal
00000.833     ok 1 test_basic_access
00000.833     # test_infallible_conversion.speed: normal
00000.833     ok 2 test_infallible_conversion
00000.833     # test_fallible_conversion.speed: normal
00000.834     ok 3 test_fallible_conversion
00000.836     # test_overlapping_fields.speed: normal
00000.837     ok 4 test_overlapping_fields
00000.837     # test_unallocated_bits.speed: normal
00000.838     ok 5 test_unallocated_bits
00000.838     # test_try_with.speed: normal
00000.839     ok 6 test_try_with
00000.840     # test_raw.speed: normal
00000.840     ok 7 test_raw
00000.840 # rust_kernel_bitfield: pass:7 fail:0 skip:0 total:7
00000.840 # Totals: pass:7 fail:0 skip:0 total:7
00000.841 ok 4 rust_kernel_bitfield
00000.841     KTAP version 1
00000.841     # Subtest: rust_kvec
00000.841     # speed: normal
00000.841     1..5
00000.849     # test_kvec_retain.speed: normal
00000.851     ok 1 test_kvec_retain
00000.852     # test_kvvec_shrink_to.speed: normal
00000.853     ok 2 test_kvvec_shrink_to
00000.853     # test_kvvec_shrink_to_empty.speed: normal
00000.854     ok 3 test_kvvec_shrink_to_empty
00000.855     # test_kvvec_shrink_to_no_op.speed: normal
00000.856     ok 4 test_kvvec_shrink_to_no_op
00000.857     # test_kvvec_shrink_to_respects_min_capacity.speed: normal
00000.857     ok 5 test_kvvec_shrink_to_respects_min_capacity
00000.858 # rust_kvec: pass:5 fail:0 skip:0 total:5
00000.858 # Totals: pass:5 fail:0 skip:0 total:5
00000.858 ok 5 rust_kvec
00000.858     KTAP version 1
00000.858     # Subtest: rust_allocator
00000.858     # speed: normal
00000.858     1..1
00000.861     # test_alignment.speed: normal
00000.861     ok 1 test_alignment
00000.861 ok 6 rust_allocator
00000.862     KTAP version 1
00000.862     # Subtest: rust_atomics
00000.862     # speed: normal
00000.862     1..8
00000.864     # atomic_basic_tests.speed: normal
00000.865     ok 1 atomic_basic_tests
00000.866     # atomic_acquire_release_tests.speed: normal
00000.868     ok 2 atomic_acquire_release_tests
00000.868     # atomic_xchg_tests.speed: normal
00000.870     ok 3 atomic_xchg_tests
00000.870     # atomic_cmpxchg_tests.speed: normal
00000.872     ok 4 atomic_cmpxchg_tests
00000.872     # atomic_arithmetic_tests.speed: normal
00000.873     ok 5 atomic_arithmetic_tests
00000.873     # atomic_bool_tests.speed: normal
00000.875     ok 6 atomic_bool_tests
00000.875     # atomic_ptr_tests.speed: normal
00000.876     ok 7 atomic_ptr_tests
00000.876     # atomic_flag_tests.speed: normal
00000.877     ok 8 atomic_flag_tests
00000.877 # rust_atomics: pass:8 fail:0 skip:0 total:8
00000.877 # Totals: pass:8 fail:0 skip:0 total:8
00000.877 ok 7 rust_atomics
00000.878     KTAP version 1
00000.878     # Subtest: math-gcd
00000.878     # module: gcd_kunit
00000.878     1..1
00000.879         KTAP version 1
00000.880         # Subtest: gcd_test
00000.881         ok 1 GCD of 48 and 18
00000.882         ok 2 GCD of 18 and 48
00000.883         ok 3 GCD of 56 and 98
00000.883         ok 4 Coprime numbers
00000.884         ok 5 Coprime numbers
00000.885         ok 6 GCD of 270 and 192
00000.886         ok 7 GCD with zero
00000.888         ok 8 GCD with zero reversed
00000.888         ok 9 GCD of identical numbers
00000.888         ok 10 GCD of max ulong and 1
00000.888         ok 11 GCD of max ulong values
00000.888     # gcd_test: pass:11 fail:0 skip:0 total:11
00000.888     ok 1 gcd_test
00000.888 # Totals: pass:11 fail:0 skip:0 total:11
00000.888 ok 8 math-gcd
00000.888     KTAP version 1
00000.888     # Subtest: math-int_log
00000.889     # module: int_log_kunit
00000.889     1..2
00000.889         KTAP version 1
00000.890         # Subtest: intlog2_test
00000.891         ok 1 Log base 2 of 0
00000.892         ok 2 Log base 2 of 1
00000.892         ok 3 Log base 2 of 2
00000.893         ok 4 Log base 2 of 3
00000.894         ok 5 Log base 2 of 4
00000.895         ok 6 Log base 2 of 8
00000.895         ok 7 Log base 2 of 16
00000.896         ok 8 Log base 2 of 32
00000.896         ok 9 Log base 2 of MAX
00000.897     # intlog2_test: pass:9 fail:0 skip:0 total:9
00000.897     ok 1 intlog2_test
00000.897         KTAP version 1
00000.898         # Subtest: intlog10_test
00000.899         ok 1 Log base 10 of 0
00000.900         ok 2 Log base 10 of 1
00000.905         ok 3 Log base 10 of 6
00000.909         ok 4 Log base 10 of 10
00000.909         ok 5 Log base 10 of 100
00000.909         ok 6 Log base 10 of 1000
00000.910         ok 7 Log base 10 of 10000
00000.911         ok 8 Log base 10 of MAX
00000.911     # intlog10_test: pass:8 fail:0 skip:0 total:8
00000.911     ok 2 intlog10_test
00000.912 # math-int_log: pass:2 fail:0 skip:0 total:2
00000.912 # Totals: pass:17 fail:0 skip:0 total:17
00000.912 ok 9 math-int_log
00000.913     KTAP version 1
00000.913     # Subtest: math-int_pow
00000.914     # module: int_pow_kunit
00000.914     1..1
00000.914         KTAP version 1
00000.916         # Subtest: int_pow_test
00000.917         ok 1 Power of zero
00000.917         ok 2 Power of one
00000.919         ok 3 Base zero
00000.920         ok 4 Base one
00000.920         ok 5 Two squared
00000.921         ok 6 Two cubed
00000.923         ok 7 Five raised to the fifth power
00000.924         ok 8 Max base
00000.924         ok 9 Large result
00000.925     # int_pow_test: pass:9 fail:0 skip:0 total:9
00000.925     ok 1 int_pow_test
00000.925 # Totals: pass:9 fail:0 skip:0 total:9
00000.925 ok 10 math-int_pow
00000.926     KTAP version 1
00000.926     # Subtest: math-int_sqrt
00000.926     # module: int_sqrt_kunit
00000.928     1..1
00000.928         KTAP version 1
00000.928         # Subtest: int_sqrt_test
00000.928         ok 1 edge case: square root of 0
00000.929         ok 2 perfect square: square root of 1
00000.930         ok 3 non-perfect square: square root of 2
00000.931         ok 4 non-perfect square: square root of 3
00000.932         ok 5 perfect square: square root of 4
00000.933         ok 6 non-perfect square: square root of 5
00000.933         ok 7 non-perfect square: square root of 6
00000.934         ok 8 non-perfect square: square root of 7
00000.935         ok 9 non-perfect square: square root of 8
00000.938         ok 10 perfect square: square root of 9
00000.943         ok 11 non-perfect square: square root of 15 (N-1 from 16)
00000.943         ok 12 perfect square: square root of 16
00000.943         ok 13 non-perfect square: square root of 17 (N+1 from 16)
00000.944         ok 14 non-perfect square: square root of 80 (N-1 from 81)
00000.946         ok 15 perfect square: square root of 81
00000.949         ok 16 non-perfect square: square root of 82 (N+1 from 81)
00000.950         ok 17 non-perfect square: square root of 255 (N-1 from 256)
00000.953         ok 18 perfect square: square root of 256
00000.956         ok 19 non-perfect square: square root of 257 (N+1 from 256)
00000.958         ok 20 large input: square root of 2147483648
00000.959         ok 21 edge case: ULONG_MAX for 32-bit
00000.962     # int_sqrt_test: pass:21 fail:0 skip:0 total:21
00000.962     ok 1 int_sqrt_test
00000.962 # Totals: pass:21 fail:0 skip:0 total:21
00000.962 ok 11 math-int_sqrt
00000.962     KTAP version 1
00000.962     # Subtest: rational
00000.962     # module: rational_kunit
00000.962     1..1
00000.962         KTAP version 1
00000.968         # Subtest: rational_test
00000.968         ok 1 Exceeds bounds, semi-convergent term > 1/2 last term
00000.968         ok 2 Exceeds bounds, semi-convergent term < 1/2 last term
00000.970         ok 3 Closest to zero
00000.974         ok 4 Closest to smallest non-zero
00000.974         ok 5 Use convergent
00000.975         ok 6 Exact answer
00000.980         ok 7 Semiconvergent, numerator limit
00000.980         ok 8 Semiconvergent, denominator limit
00000.980     # rational_test: pass:8 fail:0 skip:0 total:8
00000.980     ok 1 rational_test
00000.980 # Totals: pass:8 fail:0 skip:0 total:8
00000.980 ok 12 rational
00000.980     KTAP version 1
00000.980     # Subtest: bitops
00000.980     # module: bitops_kunit
00000.980     1..6
00000.981         KTAP version 1
00000.985         # Subtest: test_set_bit_clear_bit
00000.986         ok 1 BITOPS_4
00000.987         ok 2 BITOPS_7
00000.990         ok 3 BITOPS_11
00000.991         ok 4 BITOPS_31
00000.992         ok 5 BITOPS_88
00000.993     # test_set_bit_clear_bit: pass:5 fail:0 skip:0 total:5
00000.993     ok 1 test_set_bit_clear_bit
00000.993         KTAP version 1
00000.998         # Subtest: test_change_bit
00000.998         ok 1 BITOPS_4
00000.999         ok 2 BITOPS_7
00001.000         ok 3 BITOPS_11
00001.004         ok 4 BITOPS_31
00001.004         ok 5 BITOPS_88
00001.005     # test_change_bit: pass:5 fail:0 skip:0 total:5
00001.005     ok 2 test_change_bit
00001.006         KTAP version 1
00001.011         # Subtest: test_test_and_set_bit_test_and_clear_bit
00001.013         ok 1 BITOPS_4
00001.018         ok 2 BITOPS_7
00001.020         ok 3 BITOPS_11
00001.025         ok 4 BITOPS_31
00001.025         ok 5 BITOPS_88
00001.025     # test_test_and_set_bit_test_and_clear_bit: pass:5 fail:0 skip:0 total:5
00001.026     ok 3 test_test_and_set_bit_test_and_clear_bit
00001.026         KTAP version 1
00001.027         # Subtest: test_test_and_change_bit
00001.028         ok 1 BITOPS_4
00001.029         ok 2 BITOPS_7
00001.029         ok 3 BITOPS_11
00001.030         ok 4 BITOPS_31
00001.030         ok 5 BITOPS_88
00001.031     # test_test_and_change_bit: pass:5 fail:0 skip:0 total:5
00001.031     ok 4 test_test_and_change_bit
00001.032         KTAP version 1
00001.033         # Subtest: test_get_count_order
00001.033         ok 1 0x00000003
00001.034         ok 2 0x00000004
00001.035         ok 3 0x00001fff
00001.036         ok 4 0x00002000
00001.036         ok 5 0x50000000
00001.037         ok 6 0x80000000
00001.037         ok 7 0x80003000
00001.038     # test_get_count_order: pass:7 fail:0 skip:0 total:7
00001.038     ok 5 test_get_count_order
00001.038         KTAP version 1
00001.042         # Subtest: test_get_count_order_long
00001.042         ok 1 0x0000000300000000
00001.042         ok 2 0x0000000400000000
00001.042         ok 3 0x00001fff00000000
00001.042         ok 4 0x0000200000000000
00001.042         ok 5 0x5000000000000000
00001.044         ok 6 0x8000000000000000
00001.045         ok 7 0x8000300000000000
00001.045     # test_get_count_order_long: pass:7 fail:0 skip:0 total:7
00001.046     ok 6 test_get_count_order_long
00001.050 # bitops: pass:6 fail:0 skip:0 total:6
00001.050 # Totals: pass:34 fail:0 skip:0 total:34
00001.050 ok 13 bitops
00001.050     KTAP version 1
00001.050     # Subtest: cmdline
00001.050     # module: cmdline_kunit
00001.050     1..8
00001.053     ok 1 cmdline_test_noint
00001.058     ok 2 cmdline_test_lead_int
00001.058     ok 3 cmdline_test_tail_int
00001.062     ok 4 cmdline_test_range
00001.063     ok 5 cmdline_test_next_arg_quoted_value
00001.066     ok 6 cmdline_test_next_arg_bare_quote_regression
00001.070     ok 7 cmdline_test_next_arg_mixed_tokens
00001.070     ok 8 cmdline_test_memparse
00001.070 # cmdline: pass:8 fail:0 skip:0 total:8
00001.070 # Totals: pass:8 fail:0 skip:0 total:8
00001.070 ok 14 cmdline
00001.070     KTAP version 1
00001.070     # Subtest: list_sort
00001.070     # module: test_list_sort
00001.070     1..1
00001.086     ok 1 list_sort_test
00001.086 ok 15 list_sort
00001.087     KTAP version 1
00001.087     # Subtest: lib_sort
00001.087     # module: test_sort
00001.087     1..1
00001.098     ok 1 test_sort
00001.098 ok 16 lib_sort
00001.099     KTAP version 1
00001.099     # Subtest: rust_8250_mem_serial_io
00001.103     # speed: normal
00001.103     1..4
00001.105     # round_trip_no_shift.speed: normal
00001.108     ok 1 round_trip_no_shift
00001.114     # regshift_scales_offset.speed: normal
00001.117     ok 2 regshift_scales_offset
00001.119     # value_truncated_to_byte.speed: normal
00001.125     ok 3 value_truncated_to_byte
00001.126     # independent_registers_no_crosstalk.speed: normal
00001.127     ok 4 independent_registers_no_crosstalk
00001.128 # rust_8250_mem_serial_io: pass:4 fail:0 skip:0 total:4
00001.129 # Totals: pass:4 fail:0 skip:0 total:4
00001.129 ok 17 rust_8250_mem_serial_io
00001.194 Freeing unused kernel image (initmem) memory: 2152K
00001.195 Run /init as init process
00001.440 linux-rs: initramfs init reached, PID 1 alive
00001.453 linux-rs: dropping to shell (/ #), 15s idle timeout then poweroff
00016.470 / # 
00016.495 linux-rs: no console input within 15s, powering off
00016.519 reboot: Power down
