# qemu-system-riscv64 -M virt -m 256M -nographic -no-reboot -kernel /mnt/2tb/git/linux-rs/linux-riscv-worktrees/combined-c2rust-boot-16/arch/riscv/boot/Image -initrd /mnt/2tb/git/linux-rs/tmp/initramfs/initramfs.cpio.gz -append earlycon=sbi console=ttyS0 panic=-1
00000.043 
00000.043 OpenSBI v1.7
00000.043    ____                    _____ ____ _____
00000.043   / __ \                  / ____|  _ \_   _|
00000.043  | |  | |_ __   ___ _ __ | (___ | |_) || |
00000.043  | |  | | '_ \ / _ \ '_ \ \___ \|  _ < | |
00000.043  | |__| | |_) |  __/ | | |____) | |_) || |_
00000.043   \____/| .__/ \___|_| |_|_____/|____/_____|
00000.043         | |
00000.043         |_|
00000.043 
00000.051 Platform Name               : riscv-virtio,qemu
00000.051 Platform Features           : medeleg
00000.051 Platform HART Count         : 1
00000.051 Platform IPI Device         : aclint-mswi
00000.051 Platform Timer Device       : aclint-mtimer @ 10000000Hz
00000.051 Platform Console Device     : uart8250
00000.051 Platform HSM Device         : ---
00000.051 Platform PMU Device         : ---
00000.051 Platform Reboot Device      : syscon-reboot
00000.051 Platform Shutdown Device    : syscon-poweroff
00000.051 Platform Suspend Device     : ---
00000.051 Platform CPPC Device        : ---
00000.051 Firmware Base               : 0x80000000
00000.051 Firmware Size               : 317 KB
00000.051 Firmware RW Offset          : 0x40000
00000.051 Firmware RW Size            : 61 KB
00000.051 Firmware Heap Offset        : 0x46000
00000.052 Firmware Heap Size          : 37 KB (total), 2 KB (reserved), 11 KB (used), 23 KB (free)
00000.052 Firmware Scratch Size       : 4096 B (total), 1400 B (used), 2696 B (free)
00000.052 Runtime SBI Version         : 3.0
00000.052 Standard SBI Extensions     : time,rfnc,ipi,base,hsm,srst,pmu,dbcn,fwft,legacy,dbtr,sse
00000.052 Experimental SBI Extensions : none
00000.052 
00000.052 Domain0 Name                : root
00000.052 Domain0 Boot HART           : 0
00000.052 Domain0 HARTs               : 0*
00000.052 Domain0 Region00            : 0x0000000000100000-0x0000000000100fff M: (I,R,W) S/U: (R,W)
00000.052 Domain0 Region01            : 0x0000000010000000-0x0000000010000fff M: (I,R,W) S/U: (R,W)
00000.053 Domain0 Region02            : 0x0000000002000000-0x000000000200ffff M: (I,R,W) S/U: ()
00000.053 Domain0 Region03            : 0x0000000080040000-0x000000008004ffff M: (R,W) S/U: ()
00000.053 Domain0 Region04            : 0x0000000080000000-0x000000008003ffff M: (R,X) S/U: ()
00000.053 Domain0 Region05            : 0x000000000c400000-0x000000000c5fffff M: (I,R,W) S/U: (R,W)
00000.053 Domain0 Region06            : 0x000000000c000000-0x000000000c3fffff M: (I,R,W) S/U: (R,W)
00000.053 Domain0 Region07            : 0x0000000000000000-0xffffffffffffffff M: () S/U: (R,W,X)
00000.053 Domain0 Next Address        : 0x0000000080200000
00000.053 Domain0 Next Arg1           : 0x000000008fe00000
00000.053 Domain0 Next Mode           : S-mode
00000.053 Domain0 SysReset            : yes
00000.053 Domain0 SysSuspend          : yes
00000.053 
00000.053 Boot HART ID                : 0
00000.053 Boot HART Domain            : root
00000.053 Boot HART Priv Version      : v1.12
00000.053 Boot HART Base ISA          : rv64imafdch
00000.054 Boot HART ISA Extensions    : sstc,zicntr,zihpm,zicboz,zicbom,sdtrig,svadu
00000.054 Boot HART PMP Count         : 16
00000.054 Boot HART PMP Granularity   : 2 bits
00000.054 Boot HART PMP Address Bits  : 54
00000.054 Boot HART MHPM Info         : 16 (0x0007fff8)
00000.054 Boot HART Debug Triggers    : 2 triggers
00000.054 Boot HART MIDELEG           : 0x0000000000001666
00000.054 Boot HART MEDELEG           : 0x0000000000f4b509
00000.185 Linux version 7.2.0-rc3+ (dan@selwyn) (clang version 22.1.8 (Fedora 22.1.8-1.fc44), LLD 22.1.8) #2 PREEMPT Sun Jul 19 14:56:05 AEST 2026
00000.185 random: crng init done
00000.185 Machine model: riscv-virtio,qemu
00000.185 SBI specification v3.0 detected
00000.186 SBI implementation ID=0x1 Version=0x10007
00000.186 SBI TIME extension detected
00000.186 SBI IPI extension detected
00000.186 SBI RFENCE extension detected
00000.186 SBI SRST extension detected
00000.186 SBI DBCN extension detected
00000.186 SBI FWFT extension detected
00000.186 efi: UEFI not found.
00000.186 OF: reserved mem: 0x0000000080000000..0x000000008003ffff (256 KiB) nomap non-reusable mmode_resv1@80000000
00000.186 OF: reserved mem: 0x0000000080040000..0x000000008004ffff (64 KiB) nomap non-reusable mmode_resv0@80040000
00000.187 riscv: base ISA extensions acdfhim
00000.187 riscv: ELF capabilities acdfim
00000.187 Ticket spinlock: enabled
00000.187 Zone ranges:
00000.187   DMA32    [mem 0x0000000080000000-0x000000008fffffff]
00000.187   Normal   empty
00000.187 Movable zone start for each node
00000.187 Early memory node ranges
00000.187   node   0: [mem 0x0000000080000000-0x000000008004ffff]
00000.187   node   0: [mem 0x0000000080050000-0x000000008fffffff]
00000.187 Initmem setup node 0 [mem 0x0000000080000000-0x000000008fffffff]
00000.188 Kernel command line: earlycon=sbi console=ttyS0 panic=-1
00000.188 printk: log buffer data + meta data: 131072 + 458752 = 589824 bytes
00000.188 Dentry cache hash table entries: 32768 (order: 6, 262144 bytes, linear)
00000.188 Inode-cache hash table entries: 16384 (order: 5, 131072 bytes, linear)
00000.188 software IO TLB: SWIOTLB bounce buffer size adjusted to 0MB
00000.188 software IO TLB: area num 1.
00000.188 software IO TLB: mapped [mem 0x000000008ff49000-0x000000008ff89000] (0MB)
00000.188 Built 1 zonelists, mobility grouping on.  Total pages: 65536
00000.189 mem auto-init: stack:all(zero), heap alloc:off, heap free:off
00000.189 SLUB: HWalign=64, Order=0-1, MinObjects=0, CPUs=1, Nodes=1
00000.189 NR_IRQS: 64, nr_irqs: 64, preallocated irqs: 0
00000.189 riscv-intc: 64 local interrupts mapped
00000.189 clocksource: jiffies: mask: 0xffffffff max_cycles: 0xffffffff, max_idle_ns: 7645041785100000 ns
00000.189 clocksource: riscv_clocksource: mask: 0xffffffffffffffff max_cycles: 0x24e6a1710, max_idle_ns: 440795202120 ns
00000.189 sched_clock: 64 bits at 10MHz, resolution 100ns, wraps every 4398046511100ns
00000.190 riscv-timer: Timer interrupt in S-mode is available via sstc extension
00000.190 Calibrating delay loop (skipped), value calculated using timer frequency.. 20.00 BogoMIPS (lpj=40000)
00000.190 pid_max: default: 32768 minimum: 301
00000.190 Mount-cache hash table entries: 512 (order: 0, 4096 bytes, linear)
00000.190 Mountpoint-cache hash table entries: 512 (order: 0, 4096 bytes, linear)
00000.190 VFS: Finished mounting rootfs on nullfs
00000.190 riscv: ELF compat mode supported
00000.190 ASID allocator using 16 bits (65536 entries)
00000.190 EFI services will not be available.
00000.191 Memory: 245984K/262144K available (1978K kernel code, 2535K rwdata, 2048K rodata, 2156K init, 220K bss, 15508K reserved, 0K cma-reserved)
00000.191 devtmpfs: initialized
00000.191 DMA: preallocated 128 KiB GFP_KERNEL|GFP_DMA32 pool for atomic allocations
00000.191 clocksource: Switched to clocksource riscv_clocksource
00000.191 Unpacking initramfs...
00000.191 workingset: timestamp_bits=62 (anon: 57) max_order=16 bucket_order=0 (anon: 0)
00000.191 io scheduler mq-deadline registered
00000.191 io scheduler kyber registered
00000.192 riscv-plic: plic@c000000: mapped 96 interrupts with 1 handlers for 2 contexts.
00000.192 Serial: 8250/16550 driver, 4 ports, IRQ sharing disabled
00000.192 Freeing initrd memory: 108K
00000.192 printk: legacy console [ttyS0] disabled
00000.192 10000000.serial: ttyS0 at MMIO 0x10000000 (irq = 1, base_baud = 230400) is a 16550A
00000.192 printk: legacy console [ttyS0] enabled
00000.195 riscv-pmu-sbi: SBI PMU extension is available
00000.196 riscv-pmu-sbi: 16 firmware and 18 hardware counters
00000.196 riscv-pmu-sbi: Perf sampling/filtering is not supported as sscof extension is not available
00000.214 cpu0: scalar unaligned word access speed is 7.07x byte access speed (fast)
00000.219 clk: Disabling unused clocks
00000.220 KTAP version 1
00000.220 1..17
00000.220     KTAP version 1
00000.220     # Subtest: rust_kernel_str
00000.220     # speed: normal
00000.220     1..7
00000.225     # test_cstr_to_str.speed: normal
00000.226     ok 1 test_cstr_to_str
00000.226     # test_cstr_to_str_invalid_utf8.speed: normal
00000.229     ok 2 test_cstr_to_str_invalid_utf8
00000.229     # test_cstr_display.speed: normal
00000.230     ok 3 test_cstr_display
00000.231     # test_cstr_display_all_bytes.speed: normal
00000.232     ok 4 test_cstr_display_all_bytes
00000.232     # test_cstr_debug.speed: normal
00000.233     ok 5 test_cstr_debug
00000.233     # test_bstr_display.speed: normal
00000.235     ok 6 test_bstr_display
00000.235     # test_bstr_debug.speed: normal
00000.235     ok 7 test_bstr_debug
00000.235 # rust_kernel_str: pass:7 fail:0 skip:0 total:7
00000.235 # Totals: pass:7 fail:0 skip:0 total:7
00000.235 ok 1 rust_kernel_str
00000.235     KTAP version 1
00000.235     # Subtest: rust_kernel_kunit
00000.235     # speed: normal
00000.235     1..3
00000.236     # rust_test_kunit_example_test.speed: normal
00000.237     ok 1 rust_test_kunit_example_test
00000.237     # rust_test_kunit_in_kunit_test.speed: normal
00000.237     ok 2 rust_test_kunit_in_kunit_test
00000.237     # rust_test_kunit_always_disabled_test.speed: normal
00000.238     ok 3 rust_test_kunit_always_disabled_test # SKIP 
00000.238 # rust_kernel_kunit: pass:2 fail:0 skip:1 total:3
00000.238 # Totals: pass:2 fail:0 skip:1 total:3
00000.238 ok 2 rust_kernel_kunit
00000.238     KTAP version 1
00000.238     # Subtest: rust_kernel_bitmap
00000.238     # speed: normal
00000.238     1..6
00000.239     # bitmap_borrow.speed: normal
00000.239     ok 1 bitmap_borrow
00000.239     # bitmap_copy.speed: normal
00000.240     ok 2 bitmap_copy
00000.240     # bitmap_vec_new.speed: normal
00000.241     ok 3 bitmap_vec_new
00000.241     # bitmap_set_clear_find.speed: normal
00000.241     ok 4 bitmap_set_clear_find
00000.241 rust_kernel: Bit `index` must be < 128, was 2048
00000.241 rust_kernel: Bit `index` must be < 128, was 2048
00000.242 rust_kernel: Bit `index` must be < 128, was 2048
00000.242 rust_kernel: Bit `index` must be < 128, was 2048
00000.242     # owned_bitmap_out_of_bounds.speed: normal
00000.243     ok 5 owned_bitmap_out_of_bounds
00000.243     # bitmap_copy_and_extend.speed: normal
00000.243     ok 6 bitmap_copy_and_extend
00000.243 # rust_kernel_bitmap: pass:6 fail:0 skip:0 total:6
00000.243 # Totals: pass:6 fail:0 skip:0 total:6
00000.243 ok 3 rust_kernel_bitmap
00000.243     KTAP version 1
00000.243     # Subtest: rust_kernel_bitfield
00000.243     # speed: normal
00000.243     1..7
00000.244     # test_basic_access.speed: normal
00000.244     ok 1 test_basic_access
00000.244     # test_infallible_conversion.speed: normal
00000.245     ok 2 test_infallible_conversion
00000.245     # test_fallible_conversion.speed: normal
00000.245     ok 3 test_fallible_conversion
00000.245     # test_overlapping_fields.speed: normal
00000.246     ok 4 test_overlapping_fields
00000.246     # test_unallocated_bits.speed: normal
00000.246     ok 5 test_unallocated_bits
00000.246     # test_try_with.speed: normal
00000.247     ok 6 test_try_with
00000.247     # test_raw.speed: normal
00000.247     ok 7 test_raw
00000.247 # rust_kernel_bitfield: pass:7 fail:0 skip:0 total:7
00000.247 # Totals: pass:7 fail:0 skip:0 total:7
00000.247 ok 4 rust_kernel_bitfield
00000.247     KTAP version 1
00000.247     # Subtest: rust_kvec
00000.247     # speed: normal
00000.247     1..5
00000.252     # test_kvec_retain.speed: normal
00000.253     ok 1 test_kvec_retain
00000.253     # test_kvvec_shrink_to.speed: normal
00000.253     ok 2 test_kvvec_shrink_to
00000.253     # test_kvvec_shrink_to_empty.speed: normal
00000.254     ok 3 test_kvvec_shrink_to_empty
00000.254     # test_kvvec_shrink_to_no_op.speed: normal
00000.254     ok 4 test_kvvec_shrink_to_no_op
00000.254     # test_kvvec_shrink_to_respects_min_capacity.speed: normal
00000.254     ok 5 test_kvvec_shrink_to_respects_min_capacity
00000.254 # rust_kvec: pass:5 fail:0 skip:0 total:5
00000.254 # Totals: pass:5 fail:0 skip:0 total:5
00000.254 ok 5 rust_kvec
00000.254     KTAP version 1
00000.254     # Subtest: rust_allocator
00000.254     # speed: normal
00000.254     1..1
00000.255     # test_alignment.speed: normal
00000.255     ok 1 test_alignment
00000.255 ok 6 rust_allocator
00000.255     KTAP version 1
00000.256     # Subtest: rust_atomics
00000.256     # speed: normal
00000.256     1..8
00000.256     # atomic_basic_tests.speed: normal
00000.256     ok 1 atomic_basic_tests
00000.257     # atomic_acquire_release_tests.speed: normal
00000.257     ok 2 atomic_acquire_release_tests
00000.257     # atomic_xchg_tests.speed: normal
00000.258     ok 3 atomic_xchg_tests
00000.258     # atomic_cmpxchg_tests.speed: normal
00000.259     ok 4 atomic_cmpxchg_tests
00000.259     # atomic_arithmetic_tests.speed: normal
00000.259     ok 5 atomic_arithmetic_tests
00000.259     # atomic_bool_tests.speed: normal
00000.259     ok 6 atomic_bool_tests
00000.259     # atomic_ptr_tests.speed: normal
00000.260     ok 7 atomic_ptr_tests
00000.260     # atomic_flag_tests.speed: normal
00000.260     ok 8 atomic_flag_tests
00000.260 # rust_atomics: pass:8 fail:0 skip:0 total:8
00000.260 # Totals: pass:8 fail:0 skip:0 total:8
00000.260 ok 7 rust_atomics
00000.260     KTAP version 1
00000.260     # Subtest: math-gcd
00000.260     # module: gcd_kunit
00000.260     1..1
00000.260         KTAP version 1
00000.261         # Subtest: gcd_test
00000.261         ok 1 GCD of 48 and 18
00000.261         ok 2 GCD of 18 and 48
00000.261         ok 3 GCD of 56 and 98
00000.262         ok 4 Coprime numbers
00000.262         ok 5 Coprime numbers
00000.262         ok 6 GCD of 270 and 192
00000.262         ok 7 GCD with zero
00000.263         ok 8 GCD with zero reversed
00000.263         ok 9 GCD of identical numbers
00000.263         ok 10 GCD of max ulong and 1
00000.263         ok 11 GCD of max ulong values
00000.263     # gcd_test: pass:11 fail:0 skip:0 total:11
00000.263     ok 1 gcd_test
00000.263 # Totals: pass:11 fail:0 skip:0 total:11
00000.263 ok 8 math-gcd
00000.263     KTAP version 1
00000.263     # Subtest: math-int_log
00000.263     # module: int_log_kunit
00000.264     1..2
00000.264         KTAP version 1
00000.264         # Subtest: intlog2_test
00000.264         ok 1 Log base 2 of 0
00000.264         ok 2 Log base 2 of 1
00000.265         ok 3 Log base 2 of 2
00000.265         ok 4 Log base 2 of 3
00000.265         ok 5 Log base 2 of 4
00000.265         ok 6 Log base 2 of 8
00000.265         ok 7 Log base 2 of 16
00000.266         ok 8 Log base 2 of 32
00000.266         ok 9 Log base 2 of MAX
00000.266     # intlog2_test: pass:9 fail:0 skip:0 total:9
00000.266     ok 1 intlog2_test
00000.266         KTAP version 1
00000.266         # Subtest: intlog10_test
00000.266         ok 1 Log base 10 of 0
00000.267         ok 2 Log base 10 of 1
00000.267         ok 3 Log base 10 of 6
00000.267         ok 4 Log base 10 of 10
00000.267         ok 5 Log base 10 of 100
00000.268         ok 6 Log base 10 of 1000
00000.268         ok 7 Log base 10 of 10000
00000.268         ok 8 Log base 10 of MAX
00000.268     # intlog10_test: pass:8 fail:0 skip:0 total:8
00000.268     ok 2 intlog10_test
00000.268 # math-int_log: pass:2 fail:0 skip:0 total:2
00000.268 # Totals: pass:17 fail:0 skip:0 total:17
00000.268 ok 9 math-int_log
00000.268     KTAP version 1
00000.268     # Subtest: math-int_pow
00000.268     # module: int_pow_kunit
00000.268     1..1
00000.268         KTAP version 1
00000.269         # Subtest: int_pow_test
00000.269         ok 1 Power of zero
00000.269         ok 2 Power of one
00000.269         ok 3 Base zero
00000.270         ok 4 Base one
00000.270         ok 5 Two squared
00000.270         ok 6 Two cubed
00000.270         ok 7 Five raised to the fifth power
00000.270         ok 8 Max base
00000.270         ok 9 Large result
00000.271     # int_pow_test: pass:9 fail:0 skip:0 total:9
00000.271     ok 1 int_pow_test
00000.271 # Totals: pass:9 fail:0 skip:0 total:9
00000.271 ok 10 math-int_pow
00000.271     KTAP version 1
00000.271     # Subtest: math-int_sqrt
00000.271     # module: int_sqrt_kunit
00000.271     1..1
00000.271         KTAP version 1
00000.271         # Subtest: int_sqrt_test
00000.271         ok 1 edge case: square root of 0
00000.272         ok 2 perfect square: square root of 1
00000.272         ok 3 non-perfect square: square root of 2
00000.272         ok 4 non-perfect square: square root of 3
00000.272         ok 5 perfect square: square root of 4
00000.272         ok 6 non-perfect square: square root of 5
00000.273         ok 7 non-perfect square: square root of 6
00000.273         ok 8 non-perfect square: square root of 7
00000.273         ok 9 non-perfect square: square root of 8
00000.273         ok 10 perfect square: square root of 9
00000.274         ok 11 non-perfect square: square root of 15 (N-1 from 16)
00000.274         ok 12 perfect square: square root of 16
00000.274         ok 13 non-perfect square: square root of 17 (N+1 from 16)
00000.274         ok 14 non-perfect square: square root of 80 (N-1 from 81)
00000.275         ok 15 perfect square: square root of 81
00000.275         ok 16 non-perfect square: square root of 82 (N+1 from 81)
00000.275         ok 17 non-perfect square: square root of 255 (N-1 from 256)
00000.275         ok 18 perfect square: square root of 256
00000.276         ok 19 non-perfect square: square root of 257 (N+1 from 256)
00000.276         ok 20 large input: square root of 2147483648
00000.276         ok 21 edge case: ULONG_MAX for 32-bit
00000.276     # int_sqrt_test: pass:21 fail:0 skip:0 total:21
00000.276     ok 1 int_sqrt_test
00000.276 # Totals: pass:21 fail:0 skip:0 total:21
00000.276 ok 11 math-int_sqrt
00000.276     KTAP version 1
00000.276     # Subtest: rational
00000.276     # module: rational_kunit
00000.276     1..1
00000.276         KTAP version 1
00000.277         # Subtest: rational_test
00000.277         ok 1 Exceeds bounds, semi-convergent term > 1/2 last term
00000.277         ok 2 Exceeds bounds, semi-convergent term < 1/2 last term
00000.277         ok 3 Closest to zero
00000.278         ok 4 Closest to smallest non-zero
00000.278         ok 5 Use convergent
00000.278         ok 6 Exact answer
00000.278         ok 7 Semiconvergent, numerator limit
00000.278         ok 8 Semiconvergent, denominator limit
00000.278     # rational_test: pass:8 fail:0 skip:0 total:8
00000.278     ok 1 rational_test
00000.279 # Totals: pass:8 fail:0 skip:0 total:8
00000.279 ok 12 rational
00000.279     KTAP version 1
00000.279     # Subtest: bitops
00000.279     # module: bitops_kunit
00000.279     1..6
00000.279         KTAP version 1
00000.279         # Subtest: test_set_bit_clear_bit
00000.279         ok 1 BITOPS_4
00000.279         ok 2 BITOPS_7
00000.280         ok 3 BITOPS_11
00000.280         ok 4 BITOPS_31
00000.280         ok 5 BITOPS_88
00000.280     # test_set_bit_clear_bit: pass:5 fail:0 skip:0 total:5
00000.280     ok 1 test_set_bit_clear_bit
00000.280         KTAP version 1
00000.280         # Subtest: test_change_bit
00000.280         ok 1 BITOPS_4
00000.281         ok 2 BITOPS_7
00000.281         ok 3 BITOPS_11
00000.281         ok 4 BITOPS_31
00000.281         ok 5 BITOPS_88
00000.281     # test_change_bit: pass:5 fail:0 skip:0 total:5
00000.281     ok 2 test_change_bit
00000.281         KTAP version 1
00000.282         # Subtest: test_test_and_set_bit_test_and_clear_bit
00000.282         ok 1 BITOPS_4
00000.282         ok 2 BITOPS_7
00000.282         ok 3 BITOPS_11
00000.282         ok 4 BITOPS_31
00000.283         ok 5 BITOPS_88
00000.283     # test_test_and_set_bit_test_and_clear_bit: pass:5 fail:0 skip:0 total:5
00000.283     ok 3 test_test_and_set_bit_test_and_clear_bit
00000.283         KTAP version 1
00000.283         # Subtest: test_test_and_change_bit
00000.283         ok 1 BITOPS_4
00000.283         ok 2 BITOPS_7
00000.284         ok 3 BITOPS_11
00000.284         ok 4 BITOPS_31
00000.284         ok 5 BITOPS_88
00000.284     # test_test_and_change_bit: pass:5 fail:0 skip:0 total:5
00000.284     ok 4 test_test_and_change_bit
00000.284         KTAP version 1
00000.284         # Subtest: test_get_count_order
00000.284         ok 1 0x00000003
00000.285         ok 2 0x00000004
00000.285         ok 3 0x00001fff
00000.285         ok 4 0x00002000
00000.285         ok 5 0x50000000
00000.285         ok 6 0x80000000
00000.285         ok 7 0x80003000
00000.286     # test_get_count_order: pass:7 fail:0 skip:0 total:7
00000.286     ok 5 test_get_count_order
00000.286         KTAP version 1
00000.286         # Subtest: test_get_count_order_long
00000.286         ok 1 0x0000000300000000
00000.286         ok 2 0x0000000400000000
00000.287         ok 3 0x00001fff00000000
00000.287         ok 4 0x0000200000000000
00000.287         ok 5 0x5000000000000000
00000.287         ok 6 0x8000000000000000
00000.287         ok 7 0x8000300000000000
00000.287     # test_get_count_order_long: pass:7 fail:0 skip:0 total:7
00000.287     ok 6 test_get_count_order_long
00000.287 # bitops: pass:6 fail:0 skip:0 total:6
00000.287 # Totals: pass:34 fail:0 skip:0 total:34
00000.288 ok 13 bitops
00000.288     KTAP version 1
00000.288     # Subtest: cmdline
00000.288     # module: cmdline_kunit
00000.288     1..8
00000.288     ok 1 cmdline_test_noint
00000.289     ok 2 cmdline_test_lead_int
00000.289     ok 3 cmdline_test_tail_int
00000.289     ok 4 cmdline_test_range
00000.290     ok 5 cmdline_test_next_arg_quoted_value
00000.290     ok 6 cmdline_test_next_arg_bare_quote_regression
00000.291     ok 7 cmdline_test_next_arg_mixed_tokens
00000.291     ok 8 cmdline_test_memparse
00000.291 # cmdline: pass:8 fail:0 skip:0 total:8
00000.291 # Totals: pass:8 fail:0 skip:0 total:8
00000.291 ok 14 cmdline
00000.291     KTAP version 1
00000.291     # Subtest: list_sort
00000.291     # module: test_list_sort
00000.291     1..1
00000.293     ok 1 list_sort_test
00000.293 ok 15 list_sort
00000.293     KTAP version 1
00000.293     # Subtest: lib_sort
00000.293     # module: test_sort
00000.293     1..1
00000.294 rust_kernel: panicked at lib/tests/test_sort_rs.rs:3759:17:
00000.294 attempt to multiply with overflow
00000.295 Kernel BUG [#1]
00000.296 CPU: 0 UID: 0 PID: 309 Comm: kunit_try_catch Tainted: G                 N  7.2.0-rc3+ #2 PREEMPTLAZY 
00000.296 Tainted: [N]=TEST
00000.296 Hardware name: riscv-virtio,qemu (DT)
00000.296 epc : 0xffffffff80139538
00000.296  ra : 0xffffffff8013cdc8
00000.296 epc : ffffffff80139538 ra : ffffffff8013cdc8 sp : ff60000000dbbd40
00000.296  gp : ffffffff80895648 tp : ff60000000daa000 t0 : ffffffff80829be8
00000.296  t1 : 0000000000000fff t2 : 0000000000000003 s0 : ff60000000dbbd50
00000.296  s1 : ff60000000c6fb40 a0 : 000000000000005d a1 : 0000000000000002
00000.296  a2 : ffffffff80881c68 a3 : ff60000000dbbb10 a4 : 0000000000000000
00000.296  a5 : ffffffffffffefff a6 : ffffffff80881ba8 a7 : 3fffffffffffffff
00000.296  s2 : ff60000000c6fb40 s3 : ff60000000da5380 s4 : ffffffff8088af78
00000.296  s5 : ffffffff80164d0c s6 : 0000000000000000 s7 : 0000000000000000
00000.296  s8 : 0000000000000000 s9 : 0000000000000000 s10: 0000000000000000
00000.297  s11: 0000000000000000 t3 : ffffffff808a49b5 t4 : ffffffff808a49b5
00000.297  t5 : ffffffff808a4958 t6 : ffffffff808bfa96 ssp : 0000000000000000
00000.297 status: 0000000200000120 badaddr: ffffffff80139538 cause: 0000000000000003
00000.297 [<ffffffff80139538>] 0xffffffff80139538
00000.297 [<ffffffff8013cdc8>] 0xffffffff8013cdc8
00000.297 [<ffffffff80005790>] 0xffffffff80005790
00000.297 [<ffffffff800058a0>] 0xffffffff800058a0
00000.297 [<ffffffff8016bd7c>] 0xffffffff8016bd7c
00000.297 [<ffffffff801635c2>] 0xffffffff801635c2
00000.297 [<ffffffff80164d26>] 0xffffffff80164d26
00000.297 [<ffffffff8002bf50>] 0xffffffff8002bf50
00000.297 [<ffffffff80008398>] 0xffffffff80008398
00000.297 [<ffffffff801f09be>] 0xffffffff801f09be
00000.297 Code: 0513 f105 60a2 6402 0141 8082 1141 e406 e022 0800 (9002) 0001 
00000.297 ---[ end trace 0000000000000000 ]---
00000.297 Kernel panic - not syncing: Fatal exception in interrupt
