# qemu-system-riscv64 -M virt -m 256M -nographic -no-reboot -kernel /mnt/2tb/git/linux-rs/linux-riscv-worktrees/8250-tier-c/arch/riscv/boot/Image -initrd /mnt/2tb/git/linux-rs/tmp/initramfs/initramfs.cpio.gz -append earlycon=sbi console=ttyS0 panic=-1
00000.275 
00000.279 OpenSBI v1.7
00000.279    ____                    _____ ____ _____
00000.279   / __ \                  / ____|  _ \_   _|
00000.279  | |  | |_ __   ___ _ __ | (___ | |_) || |
00000.279  | |  | | '_ \ / _ \ '_ \ \___ \|  _ < | |
00000.279  | |__| | |_) |  __/ | | |____) | |_) || |_
00000.279   \____/| .__/ \___|_| |_|_____/|____/_____|
00000.279         | |
00000.279         |_|
00000.279 
00000.344 Platform Name               : riscv-virtio,qemu
00000.344 Platform Features           : medeleg
00000.344 Platform HART Count         : 1
00000.344 Platform IPI Device         : aclint-mswi
00000.344 Platform Timer Device       : aclint-mtimer @ 10000000Hz
00000.344 Platform Console Device     : uart8250
00000.344 Platform HSM Device         : ---
00000.344 Platform PMU Device         : ---
00000.344 Platform Reboot Device      : syscon-reboot
00000.344 Platform Shutdown Device    : syscon-poweroff
00000.344 Platform Suspend Device     : ---
00000.344 Platform CPPC Device        : ---
00000.344 Firmware Base               : 0x80000000
00000.344 Firmware Size               : 317 KB
00000.344 Firmware RW Offset          : 0x40000
00000.350 Firmware RW Size            : 61 KB
00000.350 Firmware Heap Offset        : 0x46000
00000.350 Firmware Heap Size          : 37 KB (total), 2 KB (reserved), 11 KB (used), 23 KB (free)
00000.350 Firmware Scratch Size       : 4096 B (total), 1400 B (used), 2696 B (free)
00000.350 Runtime SBI Version         : 3.0
00000.350 Standard SBI Extensions     : time,rfnc,ipi,base,hsm,srst,pmu,dbcn,fwft,legacy,dbtr,sse
00000.355 Experimental SBI Extensions : none
00000.355 
00000.355 Domain0 Name                : root
00000.355 Domain0 Boot HART           : 0
00000.355 Domain0 HARTs               : 0*
00000.355 Domain0 Region00            : 0x0000000000100000-0x0000000000100fff M: (I,R,W) S/U: (R,W)
00000.355 Domain0 Region01            : 0x0000000010000000-0x0000000010000fff M: (I,R,W) S/U: (R,W)
00000.361 Domain0 Region02            : 0x0000000002000000-0x000000000200ffff M: (I,R,W) S/U: ()
00000.361 Domain0 Region03            : 0x0000000080040000-0x000000008004ffff M: (R,W) S/U: ()
00000.361 Domain0 Region04            : 0x0000000080000000-0x000000008003ffff M: (R,X) S/U: ()
00000.361 Domain0 Region05            : 0x000000000c400000-0x000000000c5fffff M: (I,R,W) S/U: (R,W)
00000.361 Domain0 Region06            : 0x000000000c000000-0x000000000c3fffff M: (I,R,W) S/U: (R,W)
00000.361 Domain0 Region07            : 0x0000000000000000-0xffffffffffffffff M: () S/U: (R,W,X)
00000.361 Domain0 Next Address        : 0x0000000080200000
00000.361 Domain0 Next Arg1           : 0x000000008fe00000
00000.361 Domain0 Next Mode           : S-mode
00000.361 Domain0 SysReset            : yes
00000.361 Domain0 SysSuspend          : yes
00000.361 
00000.361 Boot HART ID                : 0
00000.361 Boot HART Domain            : root
00000.361 Boot HART Priv Version      : v1.12
00000.361 Boot HART Base ISA          : rv64imafdch
00000.361 Boot HART ISA Extensions    : sstc,zicntr,zihpm,zicboz,zicbom,sdtrig,svadu
00000.361 Boot HART PMP Count         : 16
00000.361 Boot HART PMP Granularity   : 2 bits
00000.371 Boot HART PMP Address Bits  : 54
00000.371 Boot HART MHPM Info         : 16 (0x0007fff8)
00000.371 Boot HART Debug Triggers    : 2 triggers
00000.371 Boot HART MIDELEG           : 0x0000000000001666
00000.371 Boot HART MEDELEG           : 0x0000000000f4b509
00001.205 Linux version 7.2.0-rc3+ (dan@selwyn) (clang version 22.1.8 (Fedora 22.1.8-1.fc44), LLD 22.1.8) #2 PREEMPT Sat Jul 18 14:53:02 AEST 2026
00001.205 random: crng init done
00001.206 Machine model: riscv-virtio,qemu
00001.206 SBI specification v3.0 detected
00001.206 SBI implementation ID=0x1 Version=0x10007
00001.206 SBI TIME extension detected
00001.207 SBI IPI extension detected
00001.207 SBI RFENCE extension detected
00001.207 SBI SRST extension detected
00001.207 SBI DBCN extension detected
00001.208 SBI FWFT extension detected
00001.208 efi: UEFI not found.
00001.209 OF: reserved mem: 0x0000000080000000..0x000000008003ffff (256 KiB) nomap non-reusable mmode_resv1@80000000
00001.210 OF: reserved mem: 0x0000000080040000..0x000000008004ffff (64 KiB) nomap non-reusable mmode_resv0@80040000
00001.210 riscv: base ISA extensions acdfhim
00001.210 riscv: ELF capabilities acdfim
00001.211 Ticket spinlock: enabled
00001.211 Zone ranges:
00001.211   DMA32    [mem 0x0000000080000000-0x000000008fffffff]
00001.211   Normal   empty
00001.212 Movable zone start for each node
00001.212 Early memory node ranges
00001.212   node   0: [mem 0x0000000080000000-0x000000008004ffff]
00001.213   node   0: [mem 0x0000000080050000-0x000000008fffffff]
00001.213 Initmem setup node 0 [mem 0x0000000080000000-0x000000008fffffff]
00001.214 Kernel command line: earlycon=sbi console=ttyS0 panic=-1
00001.214 printk: log buffer data + meta data: 131072 + 458752 = 589824 bytes
00001.215 Dentry cache hash table entries: 32768 (order: 6, 262144 bytes, linear)
00001.216 Inode-cache hash table entries: 16384 (order: 5, 131072 bytes, linear)
00001.216 software IO TLB: SWIOTLB bounce buffer size adjusted to 0MB
00001.217 software IO TLB: area num 1.
00001.218 software IO TLB: mapped [mem 0x000000008ff49000-0x000000008ff89000] (0MB)
00001.218 Built 1 zonelists, mobility grouping on.  Total pages: 65536
00001.219 mem auto-init: stack:all(zero), heap alloc:off, heap free:off
00001.219 SLUB: HWalign=64, Order=0-1, MinObjects=0, CPUs=1, Nodes=1
00001.219 NR_IRQS: 64, nr_irqs: 64, preallocated irqs: 0
00001.220 riscv-intc: 64 local interrupts mapped
00001.220 clocksource: jiffies: mask: 0xffffffff max_cycles: 0xffffffff, max_idle_ns: 7645041785100000 ns
00001.221 clocksource: riscv_clocksource: mask: 0xffffffffffffffff max_cycles: 0x24e6a1710, max_idle_ns: 440795202120 ns
00001.222 sched_clock: 64 bits at 10MHz, resolution 100ns, wraps every 4398046511100ns
00001.223 riscv-timer: Timer interrupt in S-mode is available via sstc extension
00001.224 Calibrating delay loop (skipped), value calculated using timer frequency.. 20.00 BogoMIPS (lpj=40000)
00001.224 pid_max: default: 32768 minimum: 301
00001.224 Mount-cache hash table entries: 512 (order: 0, 4096 bytes, linear)
00001.225 Mountpoint-cache hash table entries: 512 (order: 0, 4096 bytes, linear)
00001.226 VFS: Finished mounting rootfs on nullfs
00001.226 riscv: ELF compat mode supported
00001.227 ASID allocator using 16 bits (65536 entries)
00001.227 EFI services will not be available.
00001.228 Memory: 245992K/262144K available (1771K kernel code, 2532K rwdata, 2048K rodata, 2155K init, 217K bss, 15508K reserved, 0K cma-reserved)
00001.228 devtmpfs: initialized
00001.229 DMA: preallocated 128 KiB GFP_KERNEL|GFP_DMA32 pool for atomic allocations
00001.229 clocksource: Switched to clocksource riscv_clocksource
00001.230 workingset: timestamp_bits=62 (anon: 57) max_order=16 bucket_order=0 (anon: 0)
00001.230 Unpacking initramfs...
00001.234 riscv-plic: plic@c000000: mapped 96 interrupts with 1 handlers for 2 contexts.
00001.234 Serial: 8250/16550 driver, 4 ports, IRQ sharing disabled
00001.234 Freeing initrd memory: 108K
00001.234 printk: legacy console [ttyS0] disabled
00001.234 10000000.serial: ttyS0 at MMIO 0x10000000 (irq = 1, base_baud = 230400) is a 16550A
00001.234 printk: legacy console [ttyS0] enabled
00001.244 riscv-pmu-sbi: SBI PMU extension is available
00001.247 riscv-pmu-sbi: 16 firmware and 18 hardware counters
00001.247 riscv-pmu-sbi: Perf sampling/filtering is not supported as sscof extension is not available
00001.271 cpu0: scalar unaligned word access speed is 8.00x byte access speed (fast)
00001.334 clk: Disabling unused clocks
00001.337 KTAP version 1
00001.337 1..17
00001.342     KTAP version 1
00001.342     # Subtest: rust_kernel_str
00001.345     # speed: normal
00001.345     1..7
00001.367     # test_cstr_to_str.speed: normal
00001.379     ok 1 test_cstr_to_str
00001.379     # test_cstr_to_str_invalid_utf8.speed: normal
00001.387     ok 2 test_cstr_to_str_invalid_utf8
00001.387     # test_cstr_display.speed: normal
00001.389     ok 3 test_cstr_display
00001.390     # test_cstr_display_all_bytes.speed: normal
00001.401     ok 4 test_cstr_display_all_bytes
00001.402     # test_cstr_debug.speed: normal
00001.409     ok 5 test_cstr_debug
00001.415     # test_bstr_display.speed: normal
00001.415     ok 6 test_bstr_display
00001.415     # test_bstr_debug.speed: normal
00001.415     ok 7 test_bstr_debug
00001.415 # rust_kernel_str: pass:7 fail:0 skip:0 total:7
00001.424 # Totals: pass:7 fail:0 skip:0 total:7
00001.424 ok 1 rust_kernel_str
00001.424     KTAP version 1
00001.424     # Subtest: rust_kernel_kunit
00001.425     # speed: normal
00001.425     1..3
00001.430     # rust_test_kunit_example_test.speed: normal
00001.433     ok 1 rust_test_kunit_example_test
00001.434     # rust_test_kunit_in_kunit_test.speed: normal
00001.445     ok 2 rust_test_kunit_in_kunit_test
00001.449     # rust_test_kunit_always_disabled_test.speed: normal
00001.450     ok 3 rust_test_kunit_always_disabled_test # SKIP 
00001.450 # rust_kernel_kunit: pass:2 fail:0 skip:1 total:3
00001.452 # Totals: pass:2 fail:0 skip:1 total:3
00001.452 ok 2 rust_kernel_kunit
00001.456     KTAP version 1
00001.456     # Subtest: rust_kernel_bitmap
00001.457     # speed: normal
00001.458     1..6
00001.463     # bitmap_borrow.speed: normal
00001.470     ok 1 bitmap_borrow
00001.475     # bitmap_copy.speed: normal
00001.475     ok 2 bitmap_copy
00001.475     # bitmap_vec_new.speed: normal
00001.479     ok 3 bitmap_vec_new
00001.488     # bitmap_set_clear_find.speed: normal
00001.488     ok 4 bitmap_set_clear_find
00001.488 rust_kernel: Bit `index` must be < 128, was 2048
00001.488 rust_kernel: Bit `index` must be < 128, was 2048
00001.488 rust_kernel: Bit `index` must be < 128, was 2048
00001.488 rust_kernel: Bit `index` must be < 128, was 2048
00001.488     # owned_bitmap_out_of_bounds.speed: normal
00001.498     ok 5 owned_bitmap_out_of_bounds
00001.498     # bitmap_copy_and_extend.speed: normal
00001.498     ok 6 bitmap_copy_and_extend
00001.498 # rust_kernel_bitmap: pass:6 fail:0 skip:0 total:6
00001.498 # Totals: pass:6 fail:0 skip:0 total:6
00001.498 ok 3 rust_kernel_bitmap
00001.498     KTAP version 1
00001.498     # Subtest: rust_kernel_bitfield
00001.498     # speed: normal
00001.498     1..7
00001.504     # test_basic_access.speed: normal
00001.506     ok 1 test_basic_access
00001.506     # test_infallible_conversion.speed: normal
00001.509     ok 2 test_infallible_conversion
00001.514     # test_fallible_conversion.speed: normal
00001.515     ok 3 test_fallible_conversion
00001.515     # test_overlapping_fields.speed: normal
00001.519     ok 4 test_overlapping_fields
00001.522     # test_unallocated_bits.speed: normal
00001.526     ok 5 test_unallocated_bits
00001.527     # test_try_with.speed: normal
00001.528     ok 6 test_try_with
00001.530     # test_raw.speed: normal
00001.535     ok 7 test_raw
00001.537 # rust_kernel_bitfield: pass:7 fail:0 skip:0 total:7
00001.537 # Totals: pass:7 fail:0 skip:0 total:7
00001.537 ok 4 rust_kernel_bitfield
00001.537     KTAP version 1
00001.537     # Subtest: rust_kvec
00001.537     # speed: normal
00001.537     1..5
00001.554     # test_kvec_retain.speed: normal
00001.560     ok 1 test_kvec_retain
00001.561     # test_kvvec_shrink_to.speed: normal
00001.565     ok 2 test_kvvec_shrink_to
00001.566     # test_kvvec_shrink_to_empty.speed: normal
00001.567     ok 3 test_kvvec_shrink_to_empty
00001.567     # test_kvvec_shrink_to_no_op.speed: normal
00001.572     ok 4 test_kvvec_shrink_to_no_op
00001.572     # test_kvvec_shrink_to_respects_min_capacity.speed: normal
00001.573     ok 5 test_kvvec_shrink_to_respects_min_capacity
00001.573 # rust_kvec: pass:5 fail:0 skip:0 total:5
00001.574 # Totals: pass:5 fail:0 skip:0 total:5
00001.574 ok 5 rust_kvec
00001.574     KTAP version 1
00001.574     # Subtest: rust_allocator
00001.574     # speed: normal
00001.577     1..1
00001.584     # test_alignment.speed: normal
00001.585     ok 1 test_alignment
00001.585 ok 6 rust_allocator
00001.585     KTAP version 1
00001.585     # Subtest: rust_atomics
00001.585     # speed: normal
00001.585     1..8
00001.589     # atomic_basic_tests.speed: normal
00001.596     ok 1 atomic_basic_tests
00001.597     # atomic_acquire_release_tests.speed: normal
00001.604     ok 2 atomic_acquire_release_tests
00001.605     # atomic_xchg_tests.speed: normal
00001.618     ok 3 atomic_xchg_tests
00001.618     # atomic_cmpxchg_tests.speed: normal
00001.619     ok 4 atomic_cmpxchg_tests
00001.619     # atomic_arithmetic_tests.speed: normal
00001.624     ok 5 atomic_arithmetic_tests
00001.624     # atomic_bool_tests.speed: normal
00001.625     ok 6 atomic_bool_tests
00001.626     # atomic_ptr_tests.speed: normal
00001.629     ok 7 atomic_ptr_tests
00001.631     # atomic_flag_tests.speed: normal
00001.631     ok 8 atomic_flag_tests
00001.631 # rust_atomics: pass:8 fail:0 skip:0 total:8
00001.631 # Totals: pass:8 fail:0 skip:0 total:8
00001.631 ok 7 rust_atomics
00001.631     KTAP version 1
00001.631     # Subtest: math-gcd
00001.631     # module: gcd_kunit
00001.631     1..1
00001.633         KTAP version 1
00001.641         # Subtest: gcd_test
00001.641         ok 1 GCD of 48 and 18
00001.641         ok 2 GCD of 18 and 48
00001.641         ok 3 GCD of 56 and 98
00001.647         ok 4 Coprime numbers
00001.648         ok 5 Coprime numbers
00001.653         ok 6 GCD of 270 and 192
00001.657         ok 7 GCD with zero
00001.657         ok 8 GCD with zero reversed
00001.661         ok 9 GCD of identical numbers
00001.665         ok 10 GCD of max ulong and 1
00001.666         ok 11 GCD of max ulong values
00001.666     # gcd_test: pass:11 fail:0 skip:0 total:11
00001.666     ok 1 gcd_test
00001.670 # Totals: pass:11 fail:0 skip:0 total:11
00001.670 ok 8 math-gcd
00001.670     KTAP version 1
00001.670     # Subtest: math-int_log
00001.670     # module: int_log_kunit
00001.670     1..2
00001.670         KTAP version 1
00001.675         # Subtest: intlog2_test
00001.681         ok 1 Log base 2 of 0
00001.684         ok 2 Log base 2 of 1
00001.688         ok 3 Log base 2 of 2
00001.693         ok 4 Log base 2 of 3
00001.693         ok 5 Log base 2 of 4
00001.697         ok 6 Log base 2 of 8
00001.701         ok 7 Log base 2 of 16
00001.706         ok 8 Log base 2 of 32
00001.706         ok 9 Log base 2 of MAX
00001.706     # intlog2_test: pass:9 fail:0 skip:0 total:9
00001.706     ok 1 intlog2_test
00001.706         KTAP version 1
00001.711         # Subtest: intlog10_test
00001.717         ok 1 Log base 10 of 0
00001.722         ok 2 Log base 10 of 1
00001.725         ok 3 Log base 10 of 6
00001.730         ok 4 Log base 10 of 10
00001.732         ok 5 Log base 10 of 100
00001.740         ok 6 Log base 10 of 1000
00001.741         ok 7 Log base 10 of 10000
00001.745         ok 8 Log base 10 of MAX
00001.745     # intlog10_test: pass:8 fail:0 skip:0 total:8
00001.745     ok 2 intlog10_test
00001.745 # math-int_log: pass:2 fail:0 skip:0 total:2
00001.745 # Totals: pass:17 fail:0 skip:0 total:17
00001.745 ok 9 math-int_log
00001.745     KTAP version 1
00001.745     # Subtest: math-int_pow
00001.745     # module: int_pow_kunit
00001.745     1..1
00001.745         KTAP version 1
00001.746         # Subtest: int_pow_test
00001.749         ok 1 Power of zero
00001.751         ok 2 Power of one
00001.755         ok 3 Base zero
00001.757         ok 4 Base one
00001.761         ok 5 Two squared
00001.766         ok 6 Two cubed
00001.766         ok 7 Five raised to the fifth power
00001.767         ok 8 Max base
00001.767         ok 9 Large result
00001.768     # int_pow_test: pass:9 fail:0 skip:0 total:9
00001.769     ok 1 int_pow_test
00001.770 # Totals: pass:9 fail:0 skip:0 total:9
00001.770 ok 10 math-int_pow
00001.770     KTAP version 1
00001.770     # Subtest: math-int_sqrt
00001.772     # module: int_sqrt_kunit
00001.772     1..1
00001.773         KTAP version 1
00001.774         # Subtest: int_sqrt_test
00001.778         ok 1 edge case: square root of 0
00001.778         ok 2 perfect square: square root of 1
00001.779         ok 3 non-perfect square: square root of 2
00001.781         ok 4 non-perfect square: square root of 3
00001.784         ok 5 perfect square: square root of 4
00001.786         ok 6 non-perfect square: square root of 5
00001.789         ok 7 non-perfect square: square root of 6
00001.792         ok 8 non-perfect square: square root of 7
00001.798         ok 9 non-perfect square: square root of 8
00001.798         ok 10 perfect square: square root of 9
00001.798         ok 11 non-perfect square: square root of 15 (N-1 from 16)
00001.801         ok 12 perfect square: square root of 16
00001.802         ok 13 non-perfect square: square root of 17 (N+1 from 16)
00001.804         ok 14 non-perfect square: square root of 80 (N-1 from 81)
00001.809         ok 15 perfect square: square root of 81
00001.811         ok 16 non-perfect square: square root of 82 (N+1 from 81)
00001.811         ok 17 non-perfect square: square root of 255 (N-1 from 256)
00001.813         ok 18 perfect square: square root of 256
00001.815         ok 19 non-perfect square: square root of 257 (N+1 from 256)
00001.817         ok 20 large input: square root of 2147483648
00001.820         ok 21 edge case: ULONG_MAX for 32-bit
00001.821     # int_sqrt_test: pass:21 fail:0 skip:0 total:21
00001.822     ok 1 int_sqrt_test
00001.823 # Totals: pass:21 fail:0 skip:0 total:21
00001.825 ok 11 math-int_sqrt
00001.825     KTAP version 1
00001.825     # Subtest: rational
00001.825     # module: rational_kunit
00001.825     1..1
00001.825         KTAP version 1
00001.829         # Subtest: rational_test
00001.831         ok 1 Exceeds bounds, semi-convergent term > 1/2 last term
00001.832         ok 2 Exceeds bounds, semi-convergent term < 1/2 last term
00001.838         ok 3 Closest to zero
00001.838         ok 4 Closest to smallest non-zero
00001.838         ok 5 Use convergent
00001.841         ok 6 Exact answer
00001.842         ok 7 Semiconvergent, numerator limit
00001.843         ok 8 Semiconvergent, denominator limit
00001.844     # rational_test: pass:8 fail:0 skip:0 total:8
00001.845     ok 1 rational_test
00001.845 # Totals: pass:8 fail:0 skip:0 total:8
00001.845 ok 12 rational
00001.845     KTAP version 1
00001.849     # Subtest: bitops
00001.849     # module: bitops_kunit
00001.849     1..6
00001.849         KTAP version 1
00001.850         # Subtest: test_set_bit_clear_bit
00001.851         ok 1 BITOPS_4
00001.852         ok 2 BITOPS_7
00001.857         ok 3 BITOPS_11
00001.857         ok 4 BITOPS_31
00001.857         ok 5 BITOPS_88
00001.857     # test_set_bit_clear_bit: pass:5 fail:0 skip:0 total:5
00001.857     ok 1 test_set_bit_clear_bit
00001.857         KTAP version 1
00001.861         # Subtest: test_change_bit
00001.863         ok 1 BITOPS_4
00001.863         ok 2 BITOPS_7
00001.865         ok 3 BITOPS_11
00001.866         ok 4 BITOPS_31
00001.867         ok 5 BITOPS_88
00001.868     # test_change_bit: pass:5 fail:0 skip:0 total:5
00001.869     ok 2 test_change_bit
00001.869         KTAP version 1
00001.874         # Subtest: test_test_and_set_bit_test_and_clear_bit
00001.875         ok 1 BITOPS_4
00001.875         ok 2 BITOPS_7
00001.876         ok 3 BITOPS_11
00001.880         ok 4 BITOPS_31
00001.881         ok 5 BITOPS_88
00001.881     # test_test_and_set_bit_test_and_clear_bit: pass:5 fail:0 skip:0 total:5
00001.882     ok 3 test_test_and_set_bit_test_and_clear_bit
00001.882         KTAP version 1
00001.885         # Subtest: test_test_and_change_bit
00001.888         ok 1 BITOPS_4
00001.889         ok 2 BITOPS_7
00001.894         ok 3 BITOPS_11
00001.894         ok 4 BITOPS_31
00001.894         ok 5 BITOPS_88
00001.899     # test_test_and_change_bit: pass:5 fail:0 skip:0 total:5
00001.899     ok 4 test_test_and_change_bit
00001.899         KTAP version 1
00001.899         # Subtest: test_get_count_order
00001.899         ok 1 0x00000003
00001.901         ok 2 0x00000004
00001.904         ok 3 0x00001fff
00001.906         ok 4 0x00002000
00001.906         ok 5 0x50000000
00001.909         ok 6 0x80000000
00001.910         ok 7 0x80003000
00001.910     # test_get_count_order: pass:7 fail:0 skip:0 total:7
00001.910     ok 5 test_get_count_order
00001.911         KTAP version 1
00001.913         # Subtest: test_get_count_order_long
00001.919         ok 1 0x0000000300000000
00001.921         ok 2 0x0000000400000000
00001.925         ok 3 0x00001fff00000000
00001.926         ok 4 0x0000200000000000
00001.927         ok 5 0x5000000000000000
00001.928         ok 6 0x8000000000000000
00001.930         ok 7 0x8000300000000000
00001.930     # test_get_count_order_long: pass:7 fail:0 skip:0 total:7
00001.933     ok 6 test_get_count_order_long
00001.933 # bitops: pass:6 fail:0 skip:0 total:6
00001.933 # Totals: pass:34 fail:0 skip:0 total:34
00001.933 ok 13 bitops
00001.933     KTAP version 1
00001.933     # Subtest: cmdline
00001.933     # module: cmdline_kunit
00001.933     1..8
00001.938     ok 1 cmdline_test_noint
00001.945     ok 2 cmdline_test_lead_int
00001.949     ok 3 cmdline_test_tail_int
00001.953     ok 4 cmdline_test_range
00001.958     ok 5 cmdline_test_next_arg_quoted_value
00001.966     ok 6 cmdline_test_next_arg_bare_quote_regression
00001.973     ok 7 cmdline_test_next_arg_mixed_tokens
00001.973     ok 8 cmdline_test_memparse
00001.973 # cmdline: pass:8 fail:0 skip:0 total:8
00001.973 # Totals: pass:8 fail:0 skip:0 total:8
00001.973 ok 14 cmdline
00001.974     KTAP version 1
00001.974     # Subtest: list_sort
00001.974     # module: test_list_sort
00001.974     1..1
00001.995     ok 1 list_sort_test
00001.997 ok 15 list_sort
00001.997     KTAP version 1
00001.997     # Subtest: lib_sort
00001.997     # module: test_sort
00001.997     1..1
00002.013     ok 1 test_sort
00002.013 ok 16 lib_sort
00002.017     KTAP version 1
00002.017     # Subtest: rust_8250_mem_serial_io
00002.017     # speed: normal
00002.017     1..4
00002.021     # round_trip_no_shift.speed: normal
00002.030     ok 1 round_trip_no_shift
00002.030     # regshift_scales_offset.speed: normal
00002.033     ok 2 regshift_scales_offset
00002.036     # value_truncated_to_byte.speed: normal
00002.045     ok 3 value_truncated_to_byte
00002.049     # independent_registers_no_crosstalk.speed: normal
00002.052     ok 4 independent_registers_no_crosstalk
00002.055 # rust_8250_mem_serial_io: pass:4 fail:0 skip:0 total:4
00002.057 # Totals: pass:4 fail:0 skip:0 total:4
00002.057 ok 17 rust_8250_mem_serial_io
00002.177 Freeing unused kernel image (initmem) memory: 2152K
00002.180 Run /init as init process
00002.456 linux-rs: initramfs init reached, PID 1 alive
00002.489 linux-rs: dropping to shell (/ #), 15s idle timeout then poweroff
00017.519 / # 
00017.539 linux-rs: no console input within 15s, powering off
00017.565 reboot: Power down
