# qemu-system-riscv64 -M virt -m 256M -nographic -no-reboot -kernel /mnt/2tb/git/linux-rs/linux-riscv/arch/riscv/boot/Image -initrd /mnt/2tb/git/linux-rs/tmp/initramfs/initramfs.cpio.gz -append earlycon=sbi console=ttyS0 panic=-1
00000.064 
00000.064 OpenSBI v1.7
00000.064    ____                    _____ ____ _____
00000.064   / __ \                  / ____|  _ \_   _|
00000.065  | |  | |_ __   ___ _ __ | (___ | |_) || |
00000.065  | |  | | '_ \ / _ \ '_ \ \___ \|  _ < | |
00000.065  | |__| | |_) |  __/ | | |____) | |_) || |_
00000.065   \____/| .__/ \___|_| |_|_____/|____/_____|
00000.065         | |
00000.065         |_|
00000.065 
00000.080 Platform Name               : riscv-virtio,qemu
00000.080 Platform Features           : medeleg
00000.080 Platform HART Count         : 1
00000.080 Platform IPI Device         : aclint-mswi
00000.080 Platform Timer Device       : aclint-mtimer @ 10000000Hz
00000.080 Platform Console Device     : uart8250
00000.081 Platform HSM Device         : ---
00000.081 Platform PMU Device         : ---
00000.081 Platform Reboot Device      : syscon-reboot
00000.082 Platform Shutdown Device    : syscon-poweroff
00000.084 Platform Suspend Device     : ---
00000.084 Platform CPPC Device        : ---
00000.084 Firmware Base               : 0x80000000
00000.084 Firmware Size               : 317 KB
00000.084 Firmware RW Offset          : 0x40000
00000.084 Firmware RW Size            : 61 KB
00000.084 Firmware Heap Offset        : 0x46000
00000.084 Firmware Heap Size          : 37 KB (total), 2 KB (reserved), 11 KB (used), 23 KB (free)
00000.084 Firmware Scratch Size       : 4096 B (total), 1400 B (used), 2696 B (free)
00000.084 Runtime SBI Version         : 3.0
00000.090 Standard SBI Extensions     : time,rfnc,ipi,base,hsm,srst,pmu,dbcn,fwft,legacy,dbtr,sse
00000.090 Experimental SBI Extensions : none
00000.090 
00000.090 Domain0 Name                : root
00000.090 Domain0 Boot HART           : 0
00000.090 Domain0 HARTs               : 0*
00000.090 Domain0 Region00            : 0x0000000000100000-0x0000000000100fff M: (I,R,W) S/U: (R,W)
00000.090 Domain0 Region01            : 0x0000000010000000-0x0000000010000fff M: (I,R,W) S/U: (R,W)
00000.090 Domain0 Region02            : 0x0000000002000000-0x000000000200ffff M: (I,R,W) S/U: ()
00000.090 Domain0 Region03            : 0x0000000080040000-0x000000008004ffff M: (R,W) S/U: ()
00000.090 Domain0 Region04            : 0x0000000080000000-0x000000008003ffff M: (R,X) S/U: ()
00000.090 Domain0 Region05            : 0x000000000c400000-0x000000000c5fffff M: (I,R,W) S/U: (R,W)
00000.090 Domain0 Region06            : 0x000000000c000000-0x000000000c3fffff M: (I,R,W) S/U: (R,W)
00000.090 Domain0 Region07            : 0x0000000000000000-0xffffffffffffffff M: () S/U: (R,W,X)
00000.090 Domain0 Next Address        : 0x0000000080200000
00000.090 Domain0 Next Arg1           : 0x000000008fe00000
00000.090 Domain0 Next Mode           : S-mode
00000.090 Domain0 SysReset            : yes
00000.090 Domain0 SysSuspend          : yes
00000.091 
00000.096 Boot HART ID                : 0
00000.096 Boot HART Domain            : root
00000.096 Boot HART Priv Version      : v1.12
00000.096 Boot HART Base ISA          : rv64imafdch
00000.096 Boot HART ISA Extensions    : sstc,zicntr,zihpm,zicboz,zicbom,sdtrig,svadu
00000.096 Boot HART PMP Count         : 16
00000.096 Boot HART PMP Granularity   : 2 bits
00000.096 Boot HART PMP Address Bits  : 54
00000.096 Boot HART MHPM Info         : 16 (0x0007fff8)
00000.096 Boot HART Debug Triggers    : 2 triggers
00000.096 Boot HART MIDELEG           : 0x0000000000001666
00000.096 Boot HART MEDELEG           : 0x0000000000f4b509
00000.568 Linux version 7.2.0-rc3+ (dan@selwyn) (clang version 22.1.8 (Fedora 22.1.8-1.fc44), LLD 22.1.8) #53 PREEMPT Sat Jul 18 13:50:12 AEST 2026
00000.568 random: crng init done
00000.569 Machine model: riscv-virtio,qemu
00000.569 SBI specification v3.0 detected
00000.570 SBI implementation ID=0x1 Version=0x10007
00000.574 SBI TIME extension detected
00000.574 SBI IPI extension detected
00000.574 SBI RFENCE extension detected
00000.574 SBI SRST extension detected
00000.574 SBI DBCN extension detected
00000.574 SBI FWFT extension detected
00000.574 efi: UEFI not found.
00000.574 OF: reserved mem: 0x0000000080000000..0x000000008003ffff (256 KiB) nomap non-reusable mmode_resv1@80000000
00000.574 OF: reserved mem: 0x0000000080040000..0x000000008004ffff (64 KiB) nomap non-reusable mmode_resv0@80040000
00000.574 riscv: base ISA extensions acdfhim
00000.574 riscv: ELF capabilities acdfim
00000.574 Ticket spinlock: enabled
00000.574 Zone ranges:
00000.575   DMA32    [mem 0x0000000080000000-0x000000008fffffff]
00000.575   Normal   empty
00000.575 Movable zone start for each node
00000.575 Early memory node ranges
00000.576   node   0: [mem 0x0000000080000000-0x000000008004ffff]
00000.579   node   0: [mem 0x0000000080050000-0x000000008fffffff]
00000.579 Initmem setup node 0 [mem 0x0000000080000000-0x000000008fffffff]
00000.579 Kernel command line: earlycon=sbi console=ttyS0 panic=-1
00000.579 printk: log buffer data + meta data: 131072 + 458752 = 589824 bytes
00000.579 Dentry cache hash table entries: 32768 (order: 6, 262144 bytes, linear)
00000.579 Inode-cache hash table entries: 16384 (order: 5, 131072 bytes, linear)
00000.579 software IO TLB: SWIOTLB bounce buffer size adjusted to 0MB
00000.579 software IO TLB: area num 1.
00000.581 software IO TLB: mapped [mem 0x000000008ff49000-0x000000008ff89000] (0MB)
00000.581 Built 1 zonelists, mobility grouping on.  Total pages: 65536
00000.582 mem auto-init: stack:all(zero), heap alloc:off, heap free:off
00000.582 SLUB: HWalign=64, Order=0-1, MinObjects=0, CPUs=1, Nodes=1
00000.583 NR_IRQS: 64, nr_irqs: 64, preallocated irqs: 0
00000.587 riscv-intc: 64 local interrupts mapped
00000.587 clocksource: jiffies: mask: 0xffffffff max_cycles: 0xffffffff, max_idle_ns: 7645041785100000 ns
00000.587 clocksource: riscv_clocksource: mask: 0xffffffffffffffff max_cycles: 0x24e6a1710, max_idle_ns: 440795202120 ns
00000.587 sched_clock: 64 bits at 10MHz, resolution 100ns, wraps every 4398046511100ns
00000.587 riscv-timer: Timer interrupt in S-mode is available via sstc extension
00000.587 Calibrating delay loop (skipped), value calculated using timer frequency.. 20.00 BogoMIPS (lpj=40000)
00000.587 pid_max: default: 32768 minimum: 301
00000.587 Mount-cache hash table entries: 512 (order: 0, 4096 bytes, linear)
00000.588 Mountpoint-cache hash table entries: 512 (order: 0, 4096 bytes, linear)
00000.588 VFS: Finished mounting rootfs on nullfs
00000.588 riscv: ELF compat mode supported
00000.588 ASID allocator using 16 bits (65536 entries)
00000.589 EFI services will not be available.
00000.590 Memory: 245992K/262144K available (1771K kernel code, 2532K rwdata, 2048K rodata, 2155K init, 217K bss, 15508K reserved, 0K cma-reserved)
00000.591 devtmpfs: initialized
00000.593 DMA: preallocated 128 KiB GFP_KERNEL|GFP_DMA32 pool for atomic allocations
00000.593 clocksource: Switched to clocksource riscv_clocksource
00000.593 workingset: timestamp_bits=62 (anon: 57) max_order=16 bucket_order=0 (anon: 0)
00000.593 Unpacking initramfs...
00000.594 riscv-plic: plic@c000000: mapped 96 interrupts with 1 handlers for 2 contexts.
00000.594 Serial: 8250/16550 driver, 4 ports, IRQ sharing disabled
00000.594 Freeing initrd memory: 108K
00000.595 printk: legacy console [ttyS0] disabled
00000.596 10000000.serial: ttyS0 at MMIO 0x10000000 (irq = 1, base_baud = 230400) is a 16550A
00000.596 printk: legacy console [ttyS0] enabled
00000.601 riscv-pmu-sbi: SBI PMU extension is available
00000.602 riscv-pmu-sbi: 16 firmware and 18 hardware counters
00000.603 riscv-pmu-sbi: Perf sampling/filtering is not supported as sscof extension is not available
00000.630 cpu0: scalar unaligned word access speed is 7.69x byte access speed (fast)
00000.641 clk: Disabling unused clocks
00000.642 KTAP version 1
00000.642 1..17
00000.645     KTAP version 1
00000.645     # Subtest: rust_kernel_str
00000.646     # speed: normal
00000.646     1..7
00000.659     # test_cstr_to_str.speed: normal
00000.661     ok 1 test_cstr_to_str
00000.661     # test_cstr_to_str_invalid_utf8.speed: normal
00000.667     ok 2 test_cstr_to_str_invalid_utf8
00000.667     # test_cstr_display.speed: normal
00000.669     ok 3 test_cstr_display
00000.670     # test_cstr_display_all_bytes.speed: normal
00000.672     ok 4 test_cstr_display_all_bytes
00000.673     # test_cstr_debug.speed: normal
00000.679     ok 5 test_cstr_debug
00000.679     # test_bstr_display.speed: normal
00000.685     ok 6 test_bstr_display
00000.685     # test_bstr_debug.speed: normal
00000.685     ok 7 test_bstr_debug
00000.685 # rust_kernel_str: pass:7 fail:0 skip:0 total:7
00000.686 # Totals: pass:7 fail:0 skip:0 total:7
00000.686 ok 1 rust_kernel_str
00000.686     KTAP version 1
00000.686     # Subtest: rust_kernel_kunit
00000.686     # speed: normal
00000.686     1..3
00000.690     # rust_test_kunit_example_test.speed: normal
00000.690     ok 1 rust_test_kunit_example_test
00000.691     # rust_test_kunit_in_kunit_test.speed: normal
00000.692     ok 2 rust_test_kunit_in_kunit_test
00000.693     # rust_test_kunit_always_disabled_test.speed: normal
00000.693     ok 3 rust_test_kunit_always_disabled_test # SKIP 
00000.694 # rust_kernel_kunit: pass:2 fail:0 skip:1 total:3
00000.697 # Totals: pass:2 fail:0 skip:1 total:3
00000.697 ok 2 rust_kernel_kunit
00000.697     KTAP version 1
00000.697     # Subtest: rust_kernel_bitmap
00000.697     # speed: normal
00000.697     1..6
00000.698     # bitmap_borrow.speed: normal
00000.703     ok 1 bitmap_borrow
00000.703     # bitmap_copy.speed: normal
00000.703     ok 2 bitmap_copy
00000.703     # bitmap_vec_new.speed: normal
00000.704     ok 3 bitmap_vec_new
00000.706     # bitmap_set_clear_find.speed: normal
00000.707     ok 4 bitmap_set_clear_find
00000.707 rust_kernel: Bit `index` must be < 128, was 2048
00000.708 rust_kernel: Bit `index` must be < 128, was 2048
00000.708 rust_kernel: Bit `index` must be < 128, was 2048
00000.710 rust_kernel: Bit `index` must be < 128, was 2048
00000.715     # owned_bitmap_out_of_bounds.speed: normal
00000.715     ok 5 owned_bitmap_out_of_bounds
00000.715     # bitmap_copy_and_extend.speed: normal
00000.715     ok 6 bitmap_copy_and_extend
00000.715 # rust_kernel_bitmap: pass:6 fail:0 skip:0 total:6
00000.715 # Totals: pass:6 fail:0 skip:0 total:6
00000.715 ok 3 rust_kernel_bitmap
00000.716     KTAP version 1
00000.716     # Subtest: rust_kernel_bitfield
00000.716     # speed: normal
00000.716     1..7
00000.718     # test_basic_access.speed: normal
00000.722     ok 1 test_basic_access
00000.722     # test_infallible_conversion.speed: normal
00000.722     ok 2 test_infallible_conversion
00000.722     # test_fallible_conversion.speed: normal
00000.726     ok 3 test_fallible_conversion
00000.727     # test_overlapping_fields.speed: normal
00000.727     ok 4 test_overlapping_fields
00000.727     # test_unallocated_bits.speed: normal
00000.727     ok 5 test_unallocated_bits
00000.727     # test_try_with.speed: normal
00000.728     ok 6 test_try_with
00000.728     # test_raw.speed: normal
00000.728     ok 7 test_raw
00000.730 # rust_kernel_bitfield: pass:7 fail:0 skip:0 total:7
00000.730 # Totals: pass:7 fail:0 skip:0 total:7
00000.730 ok 4 rust_kernel_bitfield
00000.731     KTAP version 1
00000.731     # Subtest: rust_kvec
00000.731     # speed: normal
00000.731     1..5
00000.742     # test_kvec_retain.speed: normal
00000.746     ok 1 test_kvec_retain
00000.747     # test_kvvec_shrink_to.speed: normal
00000.751     ok 2 test_kvvec_shrink_to
00000.751     # test_kvvec_shrink_to_empty.speed: normal
00000.752     ok 3 test_kvvec_shrink_to_empty
00000.754     # test_kvvec_shrink_to_no_op.speed: normal
00000.755     ok 4 test_kvvec_shrink_to_no_op
00000.757     # test_kvvec_shrink_to_respects_min_capacity.speed: normal
00000.758     ok 5 test_kvvec_shrink_to_respects_min_capacity
00000.758 # rust_kvec: pass:5 fail:0 skip:0 total:5
00000.758 # Totals: pass:5 fail:0 skip:0 total:5
00000.759 ok 5 rust_kvec
00000.763     KTAP version 1
00000.763     # Subtest: rust_allocator
00000.763     # speed: normal
00000.763     1..1
00000.766     # test_alignment.speed: normal
00000.766     ok 1 test_alignment
00000.768 ok 6 rust_allocator
00000.768     KTAP version 1
00000.769     # Subtest: rust_atomics
00000.769     # speed: normal
00000.769     1..8
00000.770     # atomic_basic_tests.speed: normal
00000.775     ok 1 atomic_basic_tests
00000.775     # atomic_acquire_release_tests.speed: normal
00000.776     ok 2 atomic_acquire_release_tests
00000.778     # atomic_xchg_tests.speed: normal
00000.782     ok 3 atomic_xchg_tests
00000.786     # atomic_cmpxchg_tests.speed: normal
00000.787     ok 4 atomic_cmpxchg_tests
00000.787     # atomic_arithmetic_tests.speed: normal
00000.788     ok 5 atomic_arithmetic_tests
00000.790     # atomic_bool_tests.speed: normal
00000.791     ok 6 atomic_bool_tests
00000.793     # atomic_ptr_tests.speed: normal
00000.794     ok 7 atomic_ptr_tests
00000.798     # atomic_flag_tests.speed: normal
00000.798     ok 8 atomic_flag_tests
00000.798 # rust_atomics: pass:8 fail:0 skip:0 total:8
00000.798 # Totals: pass:8 fail:0 skip:0 total:8
00000.798 ok 7 rust_atomics
00000.798     KTAP version 1
00000.798     # Subtest: math-gcd
00000.798     # module: gcd_kunit
00000.799     1..1
00000.799         KTAP version 1
00000.801         # Subtest: gcd_test
00000.804         ok 1 GCD of 48 and 18
00000.805         ok 2 GCD of 18 and 48
00000.806         ok 3 GCD of 56 and 98
00000.807         ok 4 Coprime numbers
00000.807         ok 5 Coprime numbers
00000.808         ok 6 GCD of 270 and 192
00000.809         ok 7 GCD with zero
00000.809         ok 8 GCD with zero reversed
00000.810         ok 9 GCD of identical numbers
00000.811         ok 10 GCD of max ulong and 1
00000.811         ok 11 GCD of max ulong values
00000.812     # gcd_test: pass:11 fail:0 skip:0 total:11
00000.812     ok 1 gcd_test
00000.812 # Totals: pass:11 fail:0 skip:0 total:11
00000.812 ok 8 math-gcd
00000.812     KTAP version 1
00000.813     # Subtest: math-int_log
00000.813     # module: int_log_kunit
00000.813     1..2
00000.813         KTAP version 1
00000.814         # Subtest: intlog2_test
00000.815         ok 1 Log base 2 of 0
00000.816         ok 2 Log base 2 of 1
00000.816         ok 3 Log base 2 of 2
00000.817         ok 4 Log base 2 of 3
00000.818         ok 5 Log base 2 of 4
00000.818         ok 6 Log base 2 of 8
00000.819         ok 7 Log base 2 of 16
00000.819         ok 8 Log base 2 of 32
00000.820         ok 9 Log base 2 of MAX
00000.820     # intlog2_test: pass:9 fail:0 skip:0 total:9
00000.820     ok 1 intlog2_test
00000.821         KTAP version 1
00000.821         # Subtest: intlog10_test
00000.822         ok 1 Log base 10 of 0
00000.823         ok 2 Log base 10 of 1
00000.823         ok 3 Log base 10 of 6
00000.824         ok 4 Log base 10 of 10
00000.825         ok 5 Log base 10 of 100
00000.825         ok 6 Log base 10 of 1000
00000.826         ok 7 Log base 10 of 10000
00000.826         ok 8 Log base 10 of MAX
00000.827     # intlog10_test: pass:8 fail:0 skip:0 total:8
00000.827     ok 2 intlog10_test
00000.827 # math-int_log: pass:2 fail:0 skip:0 total:2
00000.827 # Totals: pass:17 fail:0 skip:0 total:17
00000.828 ok 9 math-int_log
00000.828     KTAP version 1
00000.828     # Subtest: math-int_pow
00000.828     # module: int_pow_kunit
00000.828     1..1
00000.828         KTAP version 1
00000.829         # Subtest: int_pow_test
00000.830         ok 1 Power of zero
00000.831         ok 2 Power of one
00000.831         ok 3 Base zero
00000.832         ok 4 Base one
00000.833         ok 5 Two squared
00000.833         ok 6 Two cubed
00000.834         ok 7 Five raised to the fifth power
00000.835         ok 8 Max base
00000.835         ok 9 Large result
00000.835     # int_pow_test: pass:9 fail:0 skip:0 total:9
00000.835     ok 1 int_pow_test
00000.836 # Totals: pass:9 fail:0 skip:0 total:9
00000.836 ok 10 math-int_pow
00000.836     KTAP version 1
00000.836     # Subtest: math-int_sqrt
00000.836     # module: int_sqrt_kunit
00000.837     1..1
00000.837         KTAP version 1
00000.838         # Subtest: int_sqrt_test
00000.840         ok 1 edge case: square root of 0
00000.840         ok 2 perfect square: square root of 1
00000.840         ok 3 non-perfect square: square root of 2
00000.840         ok 4 non-perfect square: square root of 3
00000.840         ok 5 perfect square: square root of 4
00000.841         ok 6 non-perfect square: square root of 5
00000.842         ok 7 non-perfect square: square root of 6
00000.843         ok 8 non-perfect square: square root of 7
00000.844         ok 9 non-perfect square: square root of 8
00000.845         ok 10 perfect square: square root of 9
00000.845         ok 11 non-perfect square: square root of 15 (N-1 from 16)
00000.846         ok 12 perfect square: square root of 16
00000.847         ok 13 non-perfect square: square root of 17 (N+1 from 16)
00000.848         ok 14 non-perfect square: square root of 80 (N-1 from 81)
00000.849         ok 15 perfect square: square root of 81
00000.849         ok 16 non-perfect square: square root of 82 (N+1 from 81)
00000.850         ok 17 non-perfect square: square root of 255 (N-1 from 256)
00000.851         ok 18 perfect square: square root of 256
00000.852         ok 19 non-perfect square: square root of 257 (N+1 from 256)
00000.853         ok 20 large input: square root of 2147483648
00000.853         ok 21 edge case: ULONG_MAX for 32-bit
00000.853     # int_sqrt_test: pass:21 fail:0 skip:0 total:21
00000.854     ok 1 int_sqrt_test
00000.854 # Totals: pass:21 fail:0 skip:0 total:21
00000.854 ok 11 math-int_sqrt
00000.854     KTAP version 1
00000.855     # Subtest: rational
00000.855     # module: rational_kunit
00000.855     1..1
00000.855         KTAP version 1
00000.856         # Subtest: rational_test
00000.857         ok 1 Exceeds bounds, semi-convergent term > 1/2 last term
00000.858         ok 2 Exceeds bounds, semi-convergent term < 1/2 last term
00000.859         ok 3 Closest to zero
00000.859         ok 4 Closest to smallest non-zero
00000.860         ok 5 Use convergent
00000.861         ok 6 Exact answer
00000.861         ok 7 Semiconvergent, numerator limit
00000.862         ok 8 Semiconvergent, denominator limit
00000.862     # rational_test: pass:8 fail:0 skip:0 total:8
00000.862     ok 1 rational_test
00000.863 # Totals: pass:8 fail:0 skip:0 total:8
00000.863 ok 12 rational
00000.863     KTAP version 1
00000.863     # Subtest: bitops
00000.863     # module: bitops_kunit
00000.863     1..6
00000.864         KTAP version 1
00000.865         # Subtest: test_set_bit_clear_bit
00000.865         ok 1 BITOPS_4
00000.866         ok 2 BITOPS_7
00000.867         ok 3 BITOPS_11
00000.867         ok 4 BITOPS_31
00000.867         ok 5 BITOPS_88
00000.868     # test_set_bit_clear_bit: pass:5 fail:0 skip:0 total:5
00000.868     ok 1 test_set_bit_clear_bit
00000.868         KTAP version 1
00000.869         # Subtest: test_change_bit
00000.870         ok 1 BITOPS_4
00000.870         ok 2 BITOPS_7
00000.871         ok 3 BITOPS_11
00000.872         ok 4 BITOPS_31
00000.872         ok 5 BITOPS_88
00000.873     # test_change_bit: pass:5 fail:0 skip:0 total:5
00000.873     ok 2 test_change_bit
00000.873         KTAP version 1
00000.874         # Subtest: test_test_and_set_bit_test_and_clear_bit
00000.875         ok 1 BITOPS_4
00000.875         ok 2 BITOPS_7
00000.876         ok 3 BITOPS_11
00000.876         ok 4 BITOPS_31
00000.877         ok 5 BITOPS_88
00000.877     # test_test_and_set_bit_test_and_clear_bit: pass:5 fail:0 skip:0 total:5
00000.877     ok 3 test_test_and_set_bit_test_and_clear_bit
00000.878         KTAP version 1
00000.880         # Subtest: test_test_and_change_bit
00000.880         ok 1 BITOPS_4
00000.880         ok 2 BITOPS_7
00000.880         ok 3 BITOPS_11
00000.880         ok 4 BITOPS_31
00000.881         ok 5 BITOPS_88
00000.881     # test_test_and_change_bit: pass:5 fail:0 skip:0 total:5
00000.881     ok 4 test_test_and_change_bit
00000.881         KTAP version 1
00000.883         # Subtest: test_get_count_order
00000.883         ok 1 0x00000003
00000.884         ok 2 0x00000004
00000.884         ok 3 0x00001fff
00000.885         ok 4 0x00002000
00000.885         ok 5 0x50000000
00000.886         ok 6 0x80000000
00000.886         ok 7 0x80003000
00000.887     # test_get_count_order: pass:7 fail:0 skip:0 total:7
00000.887     ok 5 test_get_count_order
00000.887         KTAP version 1
00000.888         # Subtest: test_get_count_order_long
00000.889         ok 1 0x0000000300000000
00000.889         ok 2 0x0000000400000000
00000.890         ok 3 0x00001fff00000000
00000.891         ok 4 0x0000200000000000
00000.891         ok 5 0x5000000000000000
00000.892         ok 6 0x8000000000000000
00000.892         ok 7 0x8000300000000000
00000.893     # test_get_count_order_long: pass:7 fail:0 skip:0 total:7
00000.893     ok 6 test_get_count_order_long
00000.893 # bitops: pass:6 fail:0 skip:0 total:6
00000.893 # Totals: pass:34 fail:0 skip:0 total:34
00000.894 ok 13 bitops
00000.894     KTAP version 1
00000.895     # Subtest: cmdline
00000.895     # module: cmdline_kunit
00000.895     1..8
00000.896     ok 1 cmdline_test_noint
00000.897     ok 2 cmdline_test_lead_int
00000.898     ok 3 cmdline_test_tail_int
00000.899     ok 4 cmdline_test_range
00000.900     ok 5 cmdline_test_next_arg_quoted_value
00000.901     ok 6 cmdline_test_next_arg_bare_quote_regression
00000.902     ok 7 cmdline_test_next_arg_mixed_tokens
00000.902     ok 8 cmdline_test_memparse
00000.903 # cmdline: pass:8 fail:0 skip:0 total:8
00000.903 # Totals: pass:8 fail:0 skip:0 total:8
00000.903 ok 14 cmdline
00000.903     KTAP version 1
00000.904     # Subtest: list_sort
00000.904     # module: test_list_sort
00000.904     1..1
00000.910     ok 1 list_sort_test
00000.910 ok 15 list_sort
00000.910     KTAP version 1
00000.910     # Subtest: lib_sort
00000.910     # module: test_sort
00000.910     1..1
00000.914     ok 1 test_sort
00000.915 ok 16 lib_sort
00000.915     KTAP version 1
00000.915     # Subtest: rust_8250_mem_serial_io
00000.915     # speed: normal
00000.915     1..4
00000.916     # round_trip_no_shift.speed: normal
00000.917     ok 1 round_trip_no_shift
00000.918     # regshift_scales_offset.speed: normal
00000.919     ok 2 regshift_scales_offset
00000.919     # value_truncated_to_byte.speed: normal
00000.919     ok 3 value_truncated_to_byte
00000.919     # independent_registers_no_crosstalk.speed: normal
00000.919     ok 4 independent_registers_no_crosstalk
00000.919 # rust_8250_mem_serial_io: pass:4 fail:0 skip:0 total:4
00000.920 # Totals: pass:4 fail:0 skip:0 total:4
00000.920 ok 17 rust_8250_mem_serial_io
00000.960 Freeing unused kernel image (initmem) memory: 2152K
00000.960 Run /init as init process
00001.090 linux-rs: initramfs init reached, PID 1 alive
00001.097 linux-rs: dropping to shell (/ #), 15s idle timeout then poweroff
00016.112 / # 
00016.119 linux-rs: no console input within 15s, powering off
00016.134 reboot: Power down
