# qemu-system-riscv64 -M virt -m 256M -nographic -no-reboot -kernel /mnt/2tb/git/linux-rs/linux-riscv-worktrees/8250-tier-c-rust/arch/riscv/boot/Image -initrd /mnt/2tb/git/linux-rs/tmp/initramfs/initramfs.cpio.gz -append earlycon=sbi console=ttyS0 panic=-1
00000.071 
00000.071 OpenSBI v1.7
00000.071    ____                    _____ ____ _____
00000.071   / __ \                  / ____|  _ \_   _|
00000.072  | |  | |_ __   ___ _ __ | (___ | |_) || |
00000.072  | |  | | '_ \ / _ \ '_ \ \___ \|  _ < | |
00000.072  | |__| | |_) |  __/ | | |____) | |_) || |_
00000.072   \____/| .__/ \___|_| |_|_____/|____/_____|
00000.072         | |
00000.072         |_|
00000.072 
00000.084 Platform Name               : riscv-virtio,qemu
00000.084 Platform Features           : medeleg
00000.084 Platform HART Count         : 1
00000.085 Platform IPI Device         : aclint-mswi
00000.085 Platform Timer Device       : aclint-mtimer @ 10000000Hz
00000.085 Platform Console Device     : uart8250
00000.085 Platform HSM Device         : ---
00000.085 Platform PMU Device         : ---
00000.085 Platform Reboot Device      : syscon-reboot
00000.085 Platform Shutdown Device    : syscon-poweroff
00000.086 Platform Suspend Device     : ---
00000.086 Platform CPPC Device        : ---
00000.086 Firmware Base               : 0x80000000
00000.086 Firmware Size               : 317 KB
00000.086 Firmware RW Offset          : 0x40000
00000.086 Firmware RW Size            : 61 KB
00000.086 Firmware Heap Offset        : 0x46000
00000.086 Firmware Heap Size          : 37 KB (total), 2 KB (reserved), 11 KB (used), 23 KB (free)
00000.087 Firmware Scratch Size       : 4096 B (total), 1400 B (used), 2696 B (free)
00000.087 Runtime SBI Version         : 3.0
00000.087 Standard SBI Extensions     : time,rfnc,ipi,base,hsm,srst,pmu,dbcn,fwft,legacy,dbtr,sse
00000.087 Experimental SBI Extensions : none
00000.087 
00000.087 Domain0 Name                : root
00000.087 Domain0 Boot HART           : 0
00000.087 Domain0 HARTs               : 0*
00000.088 Domain0 Region00            : 0x0000000000100000-0x0000000000100fff M: (I,R,W) S/U: (R,W)
00000.090 Domain0 Region01            : 0x0000000010000000-0x0000000010000fff M: (I,R,W) S/U: (R,W)
00000.090 Domain0 Region02            : 0x0000000002000000-0x000000000200ffff M: (I,R,W) S/U: ()
00000.090 Domain0 Region03            : 0x0000000080040000-0x000000008004ffff M: (R,W) S/U: ()
00000.090 Domain0 Region04            : 0x0000000080000000-0x000000008003ffff M: (R,X) S/U: ()
00000.090 Domain0 Region05            : 0x000000000c400000-0x000000000c5fffff M: (I,R,W) S/U: (R,W)
00000.090 Domain0 Region06            : 0x000000000c000000-0x000000000c3fffff M: (I,R,W) S/U: (R,W)
00000.090 Domain0 Region07            : 0x0000000000000000-0xffffffffffffffff M: () S/U: (R,W,X)
00000.090 Domain0 Next Address        : 0x0000000080200000
00000.090 Domain0 Next Arg1           : 0x000000008fe00000
00000.090 Domain0 Next Mode           : S-mode
00000.090 Domain0 SysReset            : yes
00000.090 Domain0 SysSuspend          : yes
00000.090 
00000.090 Boot HART ID                : 0
00000.090 Boot HART Domain            : root
00000.090 Boot HART Priv Version      : v1.12
00000.090 Boot HART Base ISA          : rv64imafdch
00000.091 Boot HART ISA Extensions    : sstc,zicntr,zihpm,zicboz,zicbom,sdtrig,svadu
00000.091 Boot HART PMP Count         : 16
00000.091 Boot HART PMP Granularity   : 2 bits
00000.091 Boot HART PMP Address Bits  : 54
00000.091 Boot HART MHPM Info         : 16 (0x0007fff8)
00000.091 Boot HART Debug Triggers    : 2 triggers
00000.091 Boot HART MIDELEG           : 0x0000000000001666
00000.091 Boot HART MEDELEG           : 0x0000000000f4b509
00000.303 Linux version 7.2.0-rc3+ (dan@selwyn) (clang version 22.1.8 (Fedora 22.1.8-1.fc44), LLD 22.1.8) #2 PREEMPT Sat Jul 18 14:52:41 AEST 2026
00000.304 random: crng init done
00000.304 Machine model: riscv-virtio,qemu
00000.304 SBI specification v3.0 detected
00000.304 SBI implementation ID=0x1 Version=0x10007
00000.304 SBI TIME extension detected
00000.304 SBI IPI extension detected
00000.304 SBI RFENCE extension detected
00000.304 SBI SRST extension detected
00000.305 SBI DBCN extension detected
00000.305 SBI FWFT extension detected
00000.305 efi: UEFI not found.
00000.305 OF: reserved mem: 0x0000000080000000..0x000000008003ffff (256 KiB) nomap non-reusable mmode_resv1@80000000
00000.305 OF: reserved mem: 0x0000000080040000..0x000000008004ffff (64 KiB) nomap non-reusable mmode_resv0@80040000
00000.305 riscv: base ISA extensions acdfhim
00000.306 riscv: ELF capabilities acdfim
00000.306 Ticket spinlock: enabled
00000.306 Zone ranges:
00000.306   DMA32    [mem 0x0000000080000000-0x000000008fffffff]
00000.306   Normal   empty
00000.306 Movable zone start for each node
00000.306 Early memory node ranges
00000.306   node   0: [mem 0x0000000080000000-0x000000008004ffff]
00000.306   node   0: [mem 0x0000000080050000-0x000000008fffffff]
00000.307 Initmem setup node 0 [mem 0x0000000080000000-0x000000008fffffff]
00000.307 Kernel command line: earlycon=sbi console=ttyS0 panic=-1
00000.307 printk: log buffer data + meta data: 131072 + 458752 = 589824 bytes
00000.307 Dentry cache hash table entries: 32768 (order: 6, 262144 bytes, linear)
00000.307 Inode-cache hash table entries: 16384 (order: 5, 131072 bytes, linear)
00000.308 software IO TLB: SWIOTLB bounce buffer size adjusted to 0MB
00000.308 software IO TLB: area num 1.
00000.308 software IO TLB: mapped [mem 0x000000008ff49000-0x000000008ff89000] (0MB)
00000.308 Built 1 zonelists, mobility grouping on.  Total pages: 65536
00000.308 mem auto-init: stack:all(zero), heap alloc:off, heap free:off
00000.309 SLUB: HWalign=64, Order=0-1, MinObjects=0, CPUs=1, Nodes=1
00000.309 NR_IRQS: 64, nr_irqs: 64, preallocated irqs: 0
00000.309 riscv-intc: 64 local interrupts mapped
00000.309 clocksource: jiffies: mask: 0xffffffff max_cycles: 0xffffffff, max_idle_ns: 7645041785100000 ns
00000.309 clocksource: riscv_clocksource: mask: 0xffffffffffffffff max_cycles: 0x24e6a1710, max_idle_ns: 440795202120 ns
00000.310 sched_clock: 64 bits at 10MHz, resolution 100ns, wraps every 4398046511100ns
00000.310 riscv-timer: Timer interrupt in S-mode is available via sstc extension
00000.310 Calibrating delay loop (skipped), value calculated using timer frequency.. 20.00 BogoMIPS (lpj=40000)
00000.310 pid_max: default: 32768 minimum: 301
00000.310 Mount-cache hash table entries: 512 (order: 0, 4096 bytes, linear)
00000.311 Mountpoint-cache hash table entries: 512 (order: 0, 4096 bytes, linear)
00000.311 VFS: Finished mounting rootfs on nullfs
00000.311 riscv: ELF compat mode supported
00000.311 ASID allocator using 16 bits (65536 entries)
00000.311 EFI services will not be available.
00000.311 Memory: 245992K/262144K available (1772K kernel code, 2532K rwdata, 2048K rodata, 2155K init, 217K bss, 15508K reserved, 0K cma-reserved)
00000.311 devtmpfs: initialized
00000.315 DMA: preallocated 128 KiB GFP_KERNEL|GFP_DMA32 pool for atomic allocations
00000.315 clocksource: Switched to clocksource riscv_clocksource
00000.315 workingset: timestamp_bits=62 (anon: 57) max_order=16 bucket_order=0 (anon: 0)
00000.315 riscv-plic: plic@c000000: mapped 96 interrupts with 1 handlers for 2 contexts.
00000.315 Unpacking initramfs...
00000.315 Serial: 8250/16550 driver, 4 ports, IRQ sharing disabled
00000.315 printk: legacy console [ttyS0] disabled
00000.315 Freeing initrd memory: 108K
00000.315 10000000.serial: ttyS0 at MMIO 0x10000000 (irq = 1, base_baud = 230400) is a 16550A
00000.315 printk: legacy console [ttyS0] enabled
00000.318 riscv-pmu-sbi: SBI PMU extension is available
00000.319 riscv-pmu-sbi: 16 firmware and 18 hardware counters
00000.320 riscv-pmu-sbi: Perf sampling/filtering is not supported as sscof extension is not available
00000.338 cpu0: scalar unaligned word access speed is 7.64x byte access speed (fast)
00000.345 clk: Disabling unused clocks
00000.345 KTAP version 1
00000.345 1..17
00000.345     KTAP version 1
00000.346     # Subtest: rust_kernel_str
00000.346     # speed: normal
00000.346     1..7
00000.353     # test_cstr_to_str.speed: normal
00000.354     ok 1 test_cstr_to_str
00000.355     # test_cstr_to_str_invalid_utf8.speed: normal
00000.359     ok 2 test_cstr_to_str_invalid_utf8
00000.359     # test_cstr_display.speed: normal
00000.359     ok 3 test_cstr_display
00000.359     # test_cstr_display_all_bytes.speed: normal
00000.362     ok 4 test_cstr_display_all_bytes
00000.362     # test_cstr_debug.speed: normal
00000.364     ok 5 test_cstr_debug
00000.365     # test_bstr_display.speed: normal
00000.366     ok 6 test_bstr_display
00000.367     # test_bstr_debug.speed: normal
00000.367     ok 7 test_bstr_debug
00000.368 # rust_kernel_str: pass:7 fail:0 skip:0 total:7
00000.368 # Totals: pass:7 fail:0 skip:0 total:7
00000.368 ok 1 rust_kernel_str
00000.368     KTAP version 1
00000.368     # Subtest: rust_kernel_kunit
00000.368     # speed: normal
00000.368     1..3
00000.369     # rust_test_kunit_example_test.speed: normal
00000.370     ok 1 rust_test_kunit_example_test
00000.370     # rust_test_kunit_in_kunit_test.speed: normal
00000.376     ok 2 rust_test_kunit_in_kunit_test
00000.376     # rust_test_kunit_always_disabled_test.speed: normal
00000.376     ok 3 rust_test_kunit_always_disabled_test # SKIP 
00000.376 # rust_kernel_kunit: pass:2 fail:0 skip:1 total:3
00000.377 # Totals: pass:2 fail:0 skip:1 total:3
00000.377 ok 2 rust_kernel_kunit
00000.377     KTAP version 1
00000.377     # Subtest: rust_kernel_bitmap
00000.378     # speed: normal
00000.378     1..6
00000.378     # bitmap_borrow.speed: normal
00000.379     ok 1 bitmap_borrow
00000.379     # bitmap_copy.speed: normal
00000.379     ok 2 bitmap_copy
00000.380     # bitmap_vec_new.speed: normal
00000.381     ok 3 bitmap_vec_new
00000.381     # bitmap_set_clear_find.speed: normal
00000.382     ok 4 bitmap_set_clear_find
00000.382 rust_kernel: Bit `index` must be < 128, was 2048
00000.382 rust_kernel: Bit `index` must be < 128, was 2048
00000.382 rust_kernel: Bit `index` must be < 128, was 2048
00000.383 rust_kernel: Bit `index` must be < 128, was 2048
00000.384     # owned_bitmap_out_of_bounds.speed: normal
00000.384     ok 5 owned_bitmap_out_of_bounds
00000.384     # bitmap_copy_and_extend.speed: normal
00000.384     ok 6 bitmap_copy_and_extend
00000.384 # rust_kernel_bitmap: pass:6 fail:0 skip:0 total:6
00000.385 # Totals: pass:6 fail:0 skip:0 total:6
00000.385 ok 3 rust_kernel_bitmap
00000.385     KTAP version 1
00000.385     # Subtest: rust_kernel_bitfield
00000.385     # speed: normal
00000.385     1..7
00000.386     # test_basic_access.speed: normal
00000.386     ok 1 test_basic_access
00000.386     # test_infallible_conversion.speed: normal
00000.387     ok 2 test_infallible_conversion
00000.387     # test_fallible_conversion.speed: normal
00000.388     ok 3 test_fallible_conversion
00000.388     # test_overlapping_fields.speed: normal
00000.388     ok 4 test_overlapping_fields
00000.389     # test_unallocated_bits.speed: normal
00000.389     ok 5 test_unallocated_bits
00000.389     # test_try_with.speed: normal
00000.390     ok 6 test_try_with
00000.390     # test_raw.speed: normal
00000.390     ok 7 test_raw
00000.390 # rust_kernel_bitfield: pass:7 fail:0 skip:0 total:7
00000.390 # Totals: pass:7 fail:0 skip:0 total:7
00000.390 ok 4 rust_kernel_bitfield
00000.390     KTAP version 1
00000.390     # Subtest: rust_kvec
00000.391     # speed: normal
00000.391     1..5
00000.396     # test_kvec_retain.speed: normal
00000.398     ok 1 test_kvec_retain
00000.398     # test_kvvec_shrink_to.speed: normal
00000.399     ok 2 test_kvvec_shrink_to
00000.399     # test_kvvec_shrink_to_empty.speed: normal
00000.400     ok 3 test_kvvec_shrink_to_empty
00000.400     # test_kvvec_shrink_to_no_op.speed: normal
00000.401     ok 4 test_kvvec_shrink_to_no_op
00000.401     # test_kvvec_shrink_to_respects_min_capacity.speed: normal
00000.401     ok 5 test_kvvec_shrink_to_respects_min_capacity
00000.401 # rust_kvec: pass:5 fail:0 skip:0 total:5
00000.402 # Totals: pass:5 fail:0 skip:0 total:5
00000.402 ok 5 rust_kvec
00000.402     KTAP version 1
00000.402     # Subtest: rust_allocator
00000.402     # speed: normal
00000.402     1..1
00000.405     # test_alignment.speed: normal
00000.405     ok 1 test_alignment
00000.405 ok 6 rust_allocator
00000.405     KTAP version 1
00000.405     # Subtest: rust_atomics
00000.405     # speed: normal
00000.405     1..8
00000.406     # atomic_basic_tests.speed: normal
00000.407     ok 1 atomic_basic_tests
00000.408     # atomic_acquire_release_tests.speed: normal
00000.409     ok 2 atomic_acquire_release_tests
00000.409     # atomic_xchg_tests.speed: normal
00000.411     ok 3 atomic_xchg_tests
00000.411     # atomic_cmpxchg_tests.speed: normal
00000.412     ok 4 atomic_cmpxchg_tests
00000.413     # atomic_arithmetic_tests.speed: normal
00000.413     ok 5 atomic_arithmetic_tests
00000.414     # atomic_bool_tests.speed: normal
00000.414     ok 6 atomic_bool_tests
00000.415     # atomic_ptr_tests.speed: normal
00000.415     ok 7 atomic_ptr_tests
00000.416     # atomic_flag_tests.speed: normal
00000.416     ok 8 atomic_flag_tests
00000.416 # rust_atomics: pass:8 fail:0 skip:0 total:8
00000.416 # Totals: pass:8 fail:0 skip:0 total:8
00000.416 ok 7 rust_atomics
00000.416     KTAP version 1
00000.416     # Subtest: math-gcd
00000.416     # module: gcd_kunit
00000.416     1..1
00000.417         KTAP version 1
00000.418         # Subtest: gcd_test
00000.419         ok 1 GCD of 48 and 18
00000.419         ok 2 GCD of 18 and 48
00000.420         ok 3 GCD of 56 and 98
00000.420         ok 4 Coprime numbers
00000.421         ok 5 Coprime numbers
00000.421         ok 6 GCD of 270 and 192
00000.422         ok 7 GCD with zero
00000.423         ok 8 GCD with zero reversed
00000.423         ok 9 GCD of identical numbers
00000.424         ok 10 GCD of max ulong and 1
00000.424         ok 11 GCD of max ulong values
00000.425     # gcd_test: pass:11 fail:0 skip:0 total:11
00000.425     ok 1 gcd_test
00000.425 # Totals: pass:11 fail:0 skip:0 total:11
00000.425 ok 8 math-gcd
00000.425     KTAP version 1
00000.425     # Subtest: math-int_log
00000.425     # module: int_log_kunit
00000.425     1..2
00000.425         KTAP version 1
00000.426         # Subtest: intlog2_test
00000.426         ok 1 Log base 2 of 0
00000.427         ok 2 Log base 2 of 1
00000.428         ok 3 Log base 2 of 2
00000.429         ok 4 Log base 2 of 3
00000.430         ok 5 Log base 2 of 4
00000.430         ok 6 Log base 2 of 8
00000.430         ok 7 Log base 2 of 16
00000.431         ok 8 Log base 2 of 32
00000.431         ok 9 Log base 2 of MAX
00000.431     # intlog2_test: pass:9 fail:0 skip:0 total:9
00000.432     ok 1 intlog2_test
00000.432         KTAP version 1
00000.433         # Subtest: intlog10_test
00000.433         ok 1 Log base 10 of 0
00000.434         ok 2 Log base 10 of 1
00000.434         ok 3 Log base 10 of 6
00000.435         ok 4 Log base 10 of 10
00000.435         ok 5 Log base 10 of 100
00000.436         ok 6 Log base 10 of 1000
00000.437         ok 7 Log base 10 of 10000
00000.437         ok 8 Log base 10 of MAX
00000.437     # intlog10_test: pass:8 fail:0 skip:0 total:8
00000.437     ok 2 intlog10_test
00000.437 # math-int_log: pass:2 fail:0 skip:0 total:2
00000.437 # Totals: pass:17 fail:0 skip:0 total:17
00000.437 ok 9 math-int_log
00000.437     KTAP version 1
00000.438     # Subtest: math-int_pow
00000.438     # module: int_pow_kunit
00000.438     1..1
00000.438         KTAP version 1
00000.439         # Subtest: int_pow_test
00000.440         ok 1 Power of zero
00000.440         ok 2 Power of one
00000.441         ok 3 Base zero
00000.441         ok 4 Base one
00000.442         ok 5 Two squared
00000.442         ok 6 Two cubed
00000.443         ok 7 Five raised to the fifth power
00000.443         ok 8 Max base
00000.444         ok 9 Large result
00000.444     # int_pow_test: pass:9 fail:0 skip:0 total:9
00000.444     ok 1 int_pow_test
00000.444 # Totals: pass:9 fail:0 skip:0 total:9
00000.444 ok 10 math-int_pow
00000.444     KTAP version 1
00000.444     # Subtest: math-int_sqrt
00000.444     # module: int_sqrt_kunit
00000.444     1..1
00000.445         KTAP version 1
00000.445         # Subtest: int_sqrt_test
00000.446         ok 1 edge case: square root of 0
00000.447         ok 2 perfect square: square root of 1
00000.447         ok 3 non-perfect square: square root of 2
00000.448         ok 4 non-perfect square: square root of 3
00000.449         ok 5 perfect square: square root of 4
00000.449         ok 6 non-perfect square: square root of 5
00000.450         ok 7 non-perfect square: square root of 6
00000.450         ok 8 non-perfect square: square root of 7
00000.451         ok 9 non-perfect square: square root of 8
00000.451         ok 10 perfect square: square root of 9
00000.452         ok 11 non-perfect square: square root of 15 (N-1 from 16)
00000.453         ok 12 perfect square: square root of 16
00000.453         ok 13 non-perfect square: square root of 17 (N+1 from 16)
00000.454         ok 14 non-perfect square: square root of 80 (N-1 from 81)
00000.454         ok 15 perfect square: square root of 81
00000.455         ok 16 non-perfect square: square root of 82 (N+1 from 81)
00000.455         ok 17 non-perfect square: square root of 255 (N-1 from 256)
00000.456         ok 18 perfect square: square root of 256
00000.456         ok 19 non-perfect square: square root of 257 (N+1 from 256)
00000.457         ok 20 large input: square root of 2147483648
00000.457         ok 21 edge case: ULONG_MAX for 32-bit
00000.457     # int_sqrt_test: pass:21 fail:0 skip:0 total:21
00000.457     ok 1 int_sqrt_test
00000.457 # Totals: pass:21 fail:0 skip:0 total:21
00000.457 ok 11 math-int_sqrt
00000.457     KTAP version 1
00000.457     # Subtest: rational
00000.458     # module: rational_kunit
00000.458     1..1
00000.458         KTAP version 1
00000.458         # Subtest: rational_test
00000.459         ok 1 Exceeds bounds, semi-convergent term > 1/2 last term
00000.459         ok 2 Exceeds bounds, semi-convergent term < 1/2 last term
00000.460         ok 3 Closest to zero
00000.460         ok 4 Closest to smallest non-zero
00000.460         ok 5 Use convergent
00000.461         ok 6 Exact answer
00000.461         ok 7 Semiconvergent, numerator limit
00000.461         ok 8 Semiconvergent, denominator limit
00000.462     # rational_test: pass:8 fail:0 skip:0 total:8
00000.462     ok 1 rational_test
00000.462 # Totals: pass:8 fail:0 skip:0 total:8
00000.462 ok 12 rational
00000.462     KTAP version 1
00000.462     # Subtest: bitops
00000.462     # module: bitops_kunit
00000.462     1..6
00000.462         KTAP version 1
00000.463         # Subtest: test_set_bit_clear_bit
00000.464         ok 1 BITOPS_4
00000.464         ok 2 BITOPS_7
00000.465         ok 3 BITOPS_11
00000.465         ok 4 BITOPS_31
00000.465         ok 5 BITOPS_88
00000.465     # test_set_bit_clear_bit: pass:5 fail:0 skip:0 total:5
00000.465     ok 1 test_set_bit_clear_bit
00000.466         KTAP version 1
00000.466         # Subtest: test_change_bit
00000.467         ok 1 BITOPS_4
00000.467         ok 2 BITOPS_7
00000.467         ok 3 BITOPS_11
00000.467         ok 4 BITOPS_31
00000.468         ok 5 BITOPS_88
00000.468     # test_change_bit: pass:5 fail:0 skip:0 total:5
00000.468     ok 2 test_change_bit
00000.468         KTAP version 1
00000.468         # Subtest: test_test_and_set_bit_test_and_clear_bit
00000.469         ok 1 BITOPS_4
00000.469         ok 2 BITOPS_7
00000.469         ok 3 BITOPS_11
00000.470         ok 4 BITOPS_31
00000.470         ok 5 BITOPS_88
00000.470     # test_test_and_set_bit_test_and_clear_bit: pass:5 fail:0 skip:0 total:5
00000.470     ok 3 test_test_and_set_bit_test_and_clear_bit
00000.471         KTAP version 1
00000.471         # Subtest: test_test_and_change_bit
00000.472         ok 1 BITOPS_4
00000.472         ok 2 BITOPS_7
00000.472         ok 3 BITOPS_11
00000.473         ok 4 BITOPS_31
00000.473         ok 5 BITOPS_88
00000.473     # test_test_and_change_bit: pass:5 fail:0 skip:0 total:5
00000.473     ok 4 test_test_and_change_bit
00000.473         KTAP version 1
00000.473         # Subtest: test_get_count_order
00000.474         ok 1 0x00000003
00000.474         ok 2 0x00000004
00000.474         ok 3 0x00001fff
00000.475         ok 4 0x00002000
00000.475         ok 5 0x50000000
00000.475         ok 6 0x80000000
00000.475         ok 7 0x80003000
00000.475     # test_get_count_order: pass:7 fail:0 skip:0 total:7
00000.475     ok 5 test_get_count_order
00000.476         KTAP version 1
00000.476         # Subtest: test_get_count_order_long
00000.476         ok 1 0x0000000300000000
00000.477         ok 2 0x0000000400000000
00000.477         ok 3 0x00001fff00000000
00000.478         ok 4 0x0000200000000000
00000.478         ok 5 0x5000000000000000
00000.479         ok 6 0x8000000000000000
00000.479         ok 7 0x8000300000000000
00000.479     # test_get_count_order_long: pass:7 fail:0 skip:0 total:7
00000.479     ok 6 test_get_count_order_long
00000.479 # bitops: pass:6 fail:0 skip:0 total:6
00000.479 # Totals: pass:34 fail:0 skip:0 total:34
00000.479 ok 13 bitops
00000.479     KTAP version 1
00000.479     # Subtest: cmdline
00000.480     # module: cmdline_kunit
00000.480     1..8
00000.481     ok 1 cmdline_test_noint
00000.482     ok 2 cmdline_test_lead_int
00000.483     ok 3 cmdline_test_tail_int
00000.484     ok 4 cmdline_test_range
00000.485     ok 5 cmdline_test_next_arg_quoted_value
00000.486     ok 6 cmdline_test_next_arg_bare_quote_regression
00000.487     ok 7 cmdline_test_next_arg_mixed_tokens
00000.487     ok 8 cmdline_test_memparse
00000.487 # cmdline: pass:8 fail:0 skip:0 total:8
00000.487 # Totals: pass:8 fail:0 skip:0 total:8
00000.487 ok 14 cmdline
00000.488     KTAP version 1
00000.488     # Subtest: list_sort
00000.488     # module: test_list_sort
00000.488     1..1
00000.493     ok 1 list_sort_test
00000.493 ok 15 list_sort
00000.493     KTAP version 1
00000.494     # Subtest: lib_sort
00000.494     # module: test_sort
00000.494     1..1
00000.497     ok 1 test_sort
00000.497 ok 16 lib_sort
00000.497     KTAP version 1
00000.498     # Subtest: rust_8250_mem_serial_io
00000.498     # speed: normal
00000.498     1..4
00000.499     # round_trip_no_shift.speed: normal
00000.499     ok 1 round_trip_no_shift
00000.499     # regshift_scales_offset.speed: normal
00000.500     ok 2 regshift_scales_offset
00000.500     # value_truncated_to_byte.speed: normal
00000.500     ok 3 value_truncated_to_byte
00000.500     # independent_registers_no_crosstalk.speed: normal
00000.500     ok 4 independent_registers_no_crosstalk
00000.500 # rust_8250_mem_serial_io: pass:4 fail:0 skip:0 total:4
00000.501 # Totals: pass:4 fail:0 skip:0 total:4
00000.501 ok 17 rust_8250_mem_serial_io
00000.526 Freeing unused kernel image (initmem) memory: 2152K
00000.527 Run /init as init process
00000.590 linux-rs: initramfs init reached, PID 1 alive
00000.594 linux-rs: dropping to shell (/ #), 15s idle timeout then poweroff
00015.601 / # 
00015.603 linux-rs: no console input within 15s, powering off
00015.605 reboot: Power down
